Experiment 4

../datasets/3_train_and_eval_data/EnUs_sort_by_freq/EnUs_dict_exclude_polyphone_random_valid.txt
pretrain
Steps: 126000
Correct Predictions: 6742
Wrong Predictions: 2472
Word Accuracy: 73.17126112437595%
finetune_0.2
Steps: 212000
Correct Predictions: 6618
Wrong Predictions: 2596
Word Accuracy: 71.82548296071197%
finetune_0.1
Steps: 134000
Correct Predictions: 6662
Wrong Predictions: 2552
Word Accuracy: 72.30301714781854%
scratch_0.2
Steps: 192000
Correct Predictions: 4919
Wrong Predictions: 4295
Word Accuracy: 53.38615150857391%

../datasets/3_train_and_eval_data/EnUs_sort_by_freq/EnUs_dict_exclude_polyphone_sort_by_freq_finetune_0.2_valid.txt
pretrain
Steps: 126000
Correct Predictions: 1216
Wrong Predictions: 626
Word Accuracy: 66.01520086862106%
finetune_0.2
Steps: 212000
Correct Predictions: 1249
Wrong Predictions: 593
Word Accuracy: 67.80673181324647%
finetune_0.1
Steps: 134000
Correct Predictions: 1234
Wrong Predictions: 608
Word Accuracy: 66.99239956568947%
scratch_0.2
Steps: 192000
Correct Predictions: 1085
Wrong Predictions: 757
Word Accuracy: 58.903365906623236%

../datasets/3_train_and_eval_data/EnUs_sort_by_freq/EnUs_dict_exclude_polyphone_sort_by_freq_finetune_0.1_valid.txt
pretrain
Steps: 126000
Correct Predictions: 586
Wrong Predictions: 335
Word Accuracy: 63.62649294245386%
finetune_0.2
Steps: 212000
Correct Predictions: 602
Wrong Predictions: 319
Word Accuracy: 65.36373507057546%
finetune_0.1
Steps: 134000
Correct Predictions: 602
Wrong Predictions: 319
Word Accuracy: 65.36373507057546%
scratch_0.2
Steps: 192000
Correct Predictions: 537
Wrong Predictions: 384
Word Accuracy: 58.306188925081436%

../datasets/3_train_and_eval_data/EnUs_sort_by_freq/EnUs_dict_exclude_polyphone_sort_by_freq_test.txt
pretrain
Steps: 126000
Correct Predictions: 13298
Wrong Predictions: 12055
Word Accuracy: 52.45138642369739%
finetune_0.2
Steps: 212000
Correct Predictions: 13682
Wrong Predictions: 11671
Word Accuracy: 53.966000078886125%
finetune_0.1
Steps: 134000
Correct Predictions: 13487
Wrong Predictions: 11866
Word Accuracy: 53.196860332110596%
scratch_0.2
Steps: 192000
Correct Predictions: 11870
Wrong Predictions: 13483
Word Accuracy: 46.818916893464284%

Experiment 6

../datasets/3_train_and_eval_data/EnUs_sort_by_freq/EnUs_dict_exclude_polyphone_random_valid.txt
GBERT_Tiny_Trimmed_Base
Steps: 112000
Correct Predictions: 6686
Wrong Predictions: 2528
Word Accuracy: 72.56349034078576%
GBERT_Tiny_Trimmed_Finetune
Steps: 218000
Correct Predictions: 6382
Wrong Predictions: 2832
Word Accuracy: 69.26416322986759%

../datasets/3_train_and_eval_data/EnUs_sort_by_freq/EnUs_dict_exclude_polyphone_sort_by_freq_finetune_0.2_valid.txt
GBERT_Tiny_Trimmed_Base
Steps: 112000
Correct Predictions: 1201
Wrong Predictions: 641
Word Accuracy: 65.20086862106406%
GBERT_Tiny_Trimmed_Finetune
Steps: 218000
Correct Predictions: 1225
Wrong Predictions: 617
Word Accuracy: 66.50380021715526%

../datasets/3_train_and_eval_data/EnUs_sort_by_freq/EnUs_dict_exclude_polyphone_sort_by_freq_test.txt
GBERT_Tiny_Trimmed_Base
Steps: 112000
Correct Predictions: 13130
Wrong Predictions: 12223
Word Accuracy: 51.78874294955232%
GBERT_Tiny_Trimmed_Finetune
Steps: 218000
Correct Predictions: 13351
Wrong Predictions: 12002
Word Accuracy: 52.66043466256459%
