GBERT(
  (embedding): Embedding(32, 384)
  (pos_encoder): PositionalEncoding(
    (dropout): Dropout(p=0.1, inplace=False)
  )
  (encoder): TransformerEncoder(
    (layers): ModuleList(
      (0): TransformerEncoderLayer(
        (self_attn): MultiheadAttention(
          (out_proj): _LinearWithBias(in_features=384, out_features=384, bias=True)
        )
        (linear1): Linear(in_features=384, out_features=768, bias=True)
        (dropout): Dropout(p=0.1, inplace=False)
        (linear2): Linear(in_features=768, out_features=384, bias=True)
        (norm1): LayerNorm((384,), eps=1e-05, elementwise_affine=True)
        (norm2): LayerNorm((384,), eps=1e-05, elementwise_affine=True)
        (dropout1): Dropout(p=0.1, inplace=False)
        (dropout2): Dropout(p=0.1, inplace=False)
      )
      (1): TransformerEncoderLayer(
        (self_attn): MultiheadAttention(
          (out_proj): _LinearWithBias(in_features=384, out_features=384, bias=True)
        )
        (linear1): Linear(in_features=384, out_features=768, bias=True)
        (dropout): Dropout(p=0.1, inplace=False)
        (linear2): Linear(in_features=768, out_features=384, bias=True)
        (norm1): LayerNorm((384,), eps=1e-05, elementwise_affine=True)
        (norm2): LayerNorm((384,), eps=1e-05, elementwise_affine=True)
        (dropout1): Dropout(p=0.1, inplace=False)
        (dropout2): Dropout(p=0.1, inplace=False)
      )
      (2): TransformerEncoderLayer(
        (self_attn): MultiheadAttention(
          (out_proj): _LinearWithBias(in_features=384, out_features=384, bias=True)
        )
        (linear1): Linear(in_features=384, out_features=768, bias=True)
        (dropout): Dropout(p=0.1, inplace=False)
        (linear2): Linear(in_features=768, out_features=384, bias=True)
        (norm1): LayerNorm((384,), eps=1e-05, elementwise_affine=True)
        (norm2): LayerNorm((384,), eps=1e-05, elementwise_affine=True)
        (dropout1): Dropout(p=0.1, inplace=False)
        (dropout2): Dropout(p=0.1, inplace=False)
      )
      (3): TransformerEncoderLayer(
        (self_attn): MultiheadAttention(
          (out_proj): _LinearWithBias(in_features=384, out_features=384, bias=True)
        )
        (linear1): Linear(in_features=384, out_features=768, bias=True)
        (dropout): Dropout(p=0.1, inplace=False)
        (linear2): Linear(in_features=768, out_features=384, bias=True)
        (norm1): LayerNorm((384,), eps=1e-05, elementwise_affine=True)
        (norm2): LayerNorm((384,), eps=1e-05, elementwise_affine=True)
        (dropout1): Dropout(p=0.1, inplace=False)
        (dropout2): Dropout(p=0.1, inplace=False)
      )
      (4): TransformerEncoderLayer(
        (self_attn): MultiheadAttention(
          (out_proj): _LinearWithBias(in_features=384, out_features=384, bias=True)
        )
        (linear1): Linear(in_features=384, out_features=768, bias=True)
        (dropout): Dropout(p=0.1, inplace=False)
        (linear2): Linear(in_features=768, out_features=384, bias=True)
        (norm1): LayerNorm((384,), eps=1e-05, elementwise_affine=True)
        (norm2): LayerNorm((384,), eps=1e-05, elementwise_affine=True)
        (dropout1): Dropout(p=0.1, inplace=False)
        (dropout2): Dropout(p=0.1, inplace=False)
      )
      (5): TransformerEncoderLayer(
        (self_attn): MultiheadAttention(
          (out_proj): _LinearWithBias(in_features=384, out_features=384, bias=True)
        )
        (linear1): Linear(in_features=384, out_features=768, bias=True)
        (dropout): Dropout(p=0.1, inplace=False)
        (linear2): Linear(in_features=768, out_features=384, bias=True)
        (norm1): LayerNorm((384,), eps=1e-05, elementwise_affine=True)
        (norm2): LayerNorm((384,), eps=1e-05, elementwise_affine=True)
        (dropout1): Dropout(p=0.1, inplace=False)
        (dropout2): Dropout(p=0.1, inplace=False)
      )
    )
    (norm): LayerNorm((384,), eps=1e-05, elementwise_affine=True)
  )
  (fc_out): Linear(in_features=384, out_features=31, bias=True)
)
CrossEntropyLoss(
  (criterion): CrossEntropyLoss()
)
Training on device: cuda
Epoch: 1490 | Step 435000 | Valid Loss: 0.9283
Epoch: 1490 | Step 435000 | Mean Mask Error Rate: 0.37525162621238084
Epoch: 1490 | Step 435164 | Train Loss: 0.9486
Epoch: 1491 | Step 435456 | Train Loss: 0.9431
Epoch: 1492 | Step 435748 | Train Loss: 0.9251
Epoch: 1493 | Step 436040 | Train Loss: 0.9116
Epoch: 1494 | Step 436332 | Train Loss: 0.9004
Epoch: 1495 | Step 436624 | Train Loss: 0.8899
Epoch: 1496 | Step 436916 | Train Loss: 0.8812
Epoch: 1497 | Step 437208 | Train Loss: 0.8729
Epoch: 1498 | Step 437500 | Train Loss: 0.8649
Epoch: 1499 | Step 437792 | Train Loss: 0.8563
Epoch: 1500 | Step 438084 | Train Loss: 0.8507
Epoch: 1501 | Step 438376 | Train Loss: 0.9498
Epoch: 1502 | Step 438668 | Train Loss: 0.9299
Epoch: 1503 | Step 438960 | Train Loss: 0.9169
Epoch: 1504 | Step 439252 | Train Loss: 0.9041
Epoch: 1505 | Step 439544 | Train Loss: 0.8948
Epoch: 1506 | Step 439836 | Train Loss: 0.8838
Epoch: 1507 | Step 440000 | Valid Loss: 0.8881
Epoch: 1507 | Step 440000 | Mean Mask Error Rate: 0.3749604884459898
Epoch: 1507 | Step 440128 | Train Loss: 0.8761
Epoch: 1508 | Step 440420 | Train Loss: 0.8677
Epoch: 1509 | Step 440712 | Train Loss: 0.8592
Epoch: 1510 | Step 441004 | Train Loss: 0.8524
Epoch: 1511 | Step 441296 | Train Loss: 0.9490
Epoch: 1512 | Step 441588 | Train Loss: 0.9286
Epoch: 1513 | Step 441880 | Train Loss: 0.9151
Epoch: 1514 | Step 442172 | Train Loss: 0.9033
Epoch: 1515 | Step 442464 | Train Loss: 0.8920
Epoch: 1516 | Step 442756 | Train Loss: 0.8825
Epoch: 1517 | Step 443048 | Train Loss: 0.8741
Epoch: 1518 | Step 443340 | Train Loss: 0.8659
Epoch: 1519 | Step 443632 | Train Loss: 0.8580
Epoch: 1520 | Step 443924 | Train Loss: 0.8511
Epoch: 1521 | Step 444216 | Train Loss: 0.9496
Epoch: 1522 | Step 444508 | Train Loss: 0.9290
Epoch: 1523 | Step 444800 | Train Loss: 0.9154
Epoch: 1524 | Step 445000 | Valid Loss: 0.8915
Epoch: 1524 | Step 445000 | Mean Mask Error Rate: 0.3743324626927748
Epoch: 1524 | Step 445092 | Train Loss: 0.9027
Epoch: 1525 | Step 445384 | Train Loss: 0.8927
Epoch: 1526 | Step 445676 | Train Loss: 0.8829
Epoch: 1527 | Step 445968 | Train Loss: 0.8754
Epoch: 1528 | Step 446260 | Train Loss: 0.8655
Epoch: 1529 | Step 446552 | Train Loss: 0.8579
Epoch: 1530 | Step 446844 | Train Loss: 0.8510
Epoch: 1531 | Step 447136 | Train Loss: 0.9475
Epoch: 1532 | Step 447428 | Train Loss: 0.9289
Epoch: 1533 | Step 447720 | Train Loss: 0.9142
Epoch: 1534 | Step 448012 | Train Loss: 0.9024
Epoch: 1535 | Step 448304 | Train Loss: 0.8919
Epoch: 1536 | Step 448596 | Train Loss: 0.8818
Epoch: 1537 | Step 448888 | Train Loss: 0.8741
Epoch: 1538 | Step 449180 | Train Loss: 0.8656
Epoch: 1539 | Step 449472 | Train Loss: 0.8577
Epoch: 1540 | Step 449764 | Train Loss: 0.8502
Epoch: 1541 | Step 450000 | Valid Loss: 0.9565
Epoch: 1541 | Step 450000 | Mean Mask Error Rate: 0.3734091400622203
Epoch: 1541 | Step 450056 | Train Loss: 0.9473
Epoch: 1542 | Step 450348 | Train Loss: 0.9277
Epoch: 1543 | Step 450640 | Train Loss: 0.9136
Epoch: 1544 | Step 450932 | Train Loss: 0.9011
Epoch: 1545 | Step 451224 | Train Loss: 0.8919
Epoch: 1546 | Step 451516 | Train Loss: 0.8808
Epoch: 1547 | Step 451808 | Train Loss: 0.8724
Epoch: 1548 | Step 452100 | Train Loss: 0.8645
Epoch: 1549 | Step 452392 | Train Loss: 0.8559
Epoch: 1550 | Step 452684 | Train Loss: 0.8487
Epoch: 1551 | Step 452976 | Train Loss: 0.9505
Epoch: 1552 | Step 453268 | Train Loss: 0.9302
Epoch: 1553 | Step 453560 | Train Loss: 0.9157
Epoch: 1554 | Step 453852 | Train Loss: 0.9042
Epoch: 1555 | Step 454144 | Train Loss: 0.8932
Epoch: 1556 | Step 454436 | Train Loss: 0.8831
Epoch: 1557 | Step 454728 | Train Loss: 0.8761
Epoch: 1558 | Step 455000 | Valid Loss: 0.8672
Epoch: 1558 | Step 455000 | Mean Mask Error Rate: 0.3764785639421717
Epoch: 1558 | Step 455020 | Train Loss: 0.8673
Epoch: 1559 | Step 455312 | Train Loss: 0.8588
Epoch: 1560 | Step 455604 | Train Loss: 0.8513
Epoch: 1561 | Step 455896 | Train Loss: 0.9473
Epoch: 1562 | Step 456188 | Train Loss: 0.9280
Epoch: 1563 | Step 456480 | Train Loss: 0.9131
Epoch: 1564 | Step 456772 | Train Loss: 0.9019
Epoch: 1565 | Step 457064 | Train Loss: 0.8914
Epoch: 1566 | Step 457356 | Train Loss: 0.8813
Epoch: 1567 | Step 457648 | Train Loss: 0.8738
Epoch: 1568 | Step 457940 | Train Loss: 0.8643
Epoch: 1569 | Step 458232 | Train Loss: 0.8556
Epoch: 1570 | Step 458524 | Train Loss: 0.8488
Epoch: 1571 | Step 458816 | Train Loss: 0.9469
Epoch: 1572 | Step 459108 | Train Loss: 0.9263
Epoch: 1573 | Step 459400 | Train Loss: 0.9110
Epoch: 1574 | Step 459692 | Train Loss: 0.9006
Epoch: 1575 | Step 459984 | Train Loss: 0.8895
Epoch: 1576 | Step 460000 | Valid Loss: 0.8287
Epoch: 1576 | Step 460000 | Mean Mask Error Rate: 0.37383752848991
Epoch: 1576 | Step 460276 | Train Loss: 0.8795
Epoch: 1577 | Step 460568 | Train Loss: 0.8714
Epoch: 1578 | Step 460860 | Train Loss: 0.8631
Epoch: 1579 | Step 461152 | Train Loss: 0.8548
Epoch: 1580 | Step 461444 | Train Loss: 0.8480
Epoch: 1581 | Step 461736 | Train Loss: 0.9489
Epoch: 1582 | Step 462028 | Train Loss: 0.9288
Epoch: 1583 | Step 462320 | Train Loss: 0.9144
Epoch: 1584 | Step 462612 | Train Loss: 0.9017
Epoch: 1585 | Step 462904 | Train Loss: 0.8921
Epoch: 1586 | Step 463196 | Train Loss: 0.8806
Epoch: 1587 | Step 463488 | Train Loss: 0.8740
Epoch: 1588 | Step 463780 | Train Loss: 0.8648
Epoch: 1589 | Step 464072 | Train Loss: 0.8569
Epoch: 1590 | Step 464364 | Train Loss: 0.8502
Epoch: 1591 | Step 464656 | Train Loss: 0.9472
Epoch: 1592 | Step 464948 | Train Loss: 0.9278
Epoch: 1593 | Step 465000 | Valid Loss: 0.9347
Epoch: 1593 | Step 465000 | Mean Mask Error Rate: 0.3755843550882563
Epoch: 1593 | Step 465240 | Train Loss: 0.9126
Epoch: 1594 | Step 465532 | Train Loss: 0.9014
Epoch: 1595 | Step 465824 | Train Loss: 0.8909
Epoch: 1596 | Step 466116 | Train Loss: 0.8800
Epoch: 1597 | Step 466408 | Train Loss: 0.8724
Epoch: 1598 | Step 466700 | Train Loss: 0.8631
Epoch: 1599 | Step 466992 | Train Loss: 0.8553
Epoch: 1600 | Step 467284 | Train Loss: 0.8478
Epoch: 1601 | Step 467576 | Train Loss: 0.9458
Epoch: 1602 | Step 467868 | Train Loss: 0.9254
Epoch: 1603 | Step 468160 | Train Loss: 0.9115
Epoch: 1604 | Step 468452 | Train Loss: 0.8990
Epoch: 1605 | Step 468744 | Train Loss: 0.8874
Epoch: 1606 | Step 469036 | Train Loss: 0.8789
Epoch: 1607 | Step 469328 | Train Loss: 0.8702
Epoch: 1608 | Step 469620 | Train Loss: 0.8616
Epoch: 1609 | Step 469912 | Train Loss: 0.8539
Epoch: 1610 | Step 470000 | Valid Loss: 0.8634
Epoch: 1610 | Step 470000 | Mean Mask Error Rate: 0.3774018865727262
Epoch: 1610 | Step 470204 | Train Loss: 0.8469
Epoch: 1611 | Step 470496 | Train Loss: 0.9459
Epoch: 1612 | Step 470788 | Train Loss: 0.9270
Epoch: 1613 | Step 471080 | Train Loss: 0.9109
Epoch: 1614 | Step 471372 | Train Loss: 0.8995
Epoch: 1615 | Step 471664 | Train Loss: 0.8886
Epoch: 1616 | Step 471956 | Train Loss: 0.8785
Epoch: 1617 | Step 472248 | Train Loss: 0.8708
Epoch: 1618 | Step 472540 | Train Loss: 0.8628
Epoch: 1619 | Step 472832 | Train Loss: 0.8535
Epoch: 1620 | Step 473124 | Train Loss: 0.8461
Epoch: 1621 | Step 473416 | Train Loss: 0.9453
Epoch: 1622 | Step 473708 | Train Loss: 0.9249
Epoch: 1623 | Step 474000 | Train Loss: 0.9102
Epoch: 1624 | Step 474292 | Train Loss: 0.8990
Epoch: 1625 | Step 474584 | Train Loss: 0.8878
Epoch: 1626 | Step 474876 | Train Loss: 0.8779
Epoch: 1627 | Step 475000 | Valid Loss: 0.8510
Epoch: 1627 | Step 475000 | Mean Mask Error Rate: 0.3739623018183633
Epoch: 1627 | Step 475168 | Train Loss: 0.8691
Epoch: 1628 | Step 475460 | Train Loss: 0.8614
Epoch: 1629 | Step 475752 | Train Loss: 0.8536
Epoch: 1630 | Step 476044 | Train Loss: 0.8456
Epoch: 1631 | Step 476336 | Train Loss: 0.9467
Epoch: 1632 | Step 476628 | Train Loss: 0.9264
Epoch: 1633 | Step 476920 | Train Loss: 0.9124
Epoch: 1634 | Step 477212 | Train Loss: 0.9008
Epoch: 1635 | Step 477504 | Train Loss: 0.8908
Epoch: 1636 | Step 477796 | Train Loss: 0.8788
Epoch: 1637 | Step 478088 | Train Loss: 0.8720
Epoch: 1638 | Step 478380 | Train Loss: 0.8629
Epoch: 1639 | Step 478672 | Train Loss: 0.8540
Epoch: 1640 | Step 478964 | Train Loss: 0.8465
Epoch: 1641 | Step 479256 | Train Loss: 0.9479
Epoch: 1642 | Step 479548 | Train Loss: 0.9266
Epoch: 1643 | Step 479840 | Train Loss: 0.9128
Epoch: 1644 | Step 480000 | Valid Loss: 0.8903
Epoch: 1644 | Step 480000 | Mean Mask Error Rate: 0.3726105907601191
Epoch: 1644 | Step 480132 | Train Loss: 0.9001
Epoch: 1645 | Step 480424 | Train Loss: 0.8895
Epoch: 1646 | Step 480716 | Train Loss: 0.8808
Epoch: 1647 | Step 481008 | Train Loss: 0.8719
Epoch: 1648 | Step 481300 | Train Loss: 0.8622
Epoch: 1649 | Step 481592 | Train Loss: 0.8540
Epoch: 1650 | Step 481884 | Train Loss: 0.8472
Epoch: 1651 | Step 482176 | Train Loss: 0.9437
Epoch: 1652 | Step 482468 | Train Loss: 0.9239
Epoch: 1653 | Step 482760 | Train Loss: 0.9086
Epoch: 1654 | Step 483052 | Train Loss: 0.8974
Epoch: 1655 | Step 483344 | Train Loss: 0.8869
Epoch: 1656 | Step 483636 | Train Loss: 0.8770
Epoch: 1657 | Step 483928 | Train Loss: 0.8698
Epoch: 1658 | Step 484220 | Train Loss: 0.8598
Epoch: 1659 | Step 484512 | Train Loss: 0.8524
Epoch: 1660 | Step 484804 | Train Loss: 0.8445
Epoch: 1661 | Step 485000 | Valid Loss: 0.9543
Epoch: 1661 | Step 485000 | Mean Mask Error Rate: 0.37224042988570766
Epoch: 1661 | Step 485096 | Train Loss: 0.9457
Epoch: 1662 | Step 485388 | Train Loss: 0.9259
Epoch: 1663 | Step 485680 | Train Loss: 0.9106
Epoch: 1664 | Step 485972 | Train Loss: 0.8991
Epoch: 1665 | Step 486264 | Train Loss: 0.8879
Epoch: 1666 | Step 486556 | Train Loss: 0.8770
Epoch: 1667 | Step 486848 | Train Loss: 0.8685
Epoch: 1668 | Step 487140 | Train Loss: 0.8601
Epoch: 1669 | Step 487432 | Train Loss: 0.8518
Epoch: 1670 | Step 487724 | Train Loss: 0.8456
Epoch: 1671 | Step 488016 | Train Loss: 0.9462
Epoch: 1672 | Step 488308 | Train Loss: 0.9250
Epoch: 1673 | Step 488600 | Train Loss: 0.9134
Epoch: 1674 | Step 488892 | Train Loss: 0.8994
Epoch: 1675 | Step 489184 | Train Loss: 0.8885
Epoch: 1676 | Step 489476 | Train Loss: 0.8775
Epoch: 1677 | Step 489768 | Train Loss: 0.8705
Epoch: 1678 | Step 490000 | Valid Loss: 0.8732
Epoch: 1678 | Step 490000 | Mean Mask Error Rate: 0.37361709560964246
Epoch: 1678 | Step 490060 | Train Loss: 0.8607
Epoch: 1679 | Step 490352 | Train Loss: 0.8540
Epoch: 1680 | Step 490644 | Train Loss: 0.8450
Epoch: 1681 | Step 490936 | Train Loss: 0.9414
Epoch: 1682 | Step 491228 | Train Loss: 0.9207
Epoch: 1683 | Step 491520 | Train Loss: 0.9064
Epoch: 1684 | Step 491812 | Train Loss: 0.8940
Epoch: 1685 | Step 492104 | Train Loss: 0.8830
Epoch: 1686 | Step 492396 | Train Loss: 0.8746
Epoch: 1687 | Step 492688 | Train Loss: 0.8650
Epoch: 1688 | Step 492980 | Train Loss: 0.8569
Epoch: 1689 | Step 493272 | Train Loss: 0.8491
Epoch: 1690 | Step 493564 | Train Loss: 0.8410
Epoch: 1691 | Step 493856 | Train Loss: 0.9428
Epoch: 1692 | Step 494148 | Train Loss: 0.9214
Epoch: 1693 | Step 494440 | Train Loss: 0.9077
Epoch: 1694 | Step 494732 | Train Loss: 0.8963
Epoch: 1695 | Step 495000 | Valid Loss: 0.8839
Epoch: 1695 | Step 495000 | Mean Mask Error Rate: 0.3734299356169625
Epoch: 1695 | Step 495024 | Train Loss: 0.8849
Epoch: 1696 | Step 495316 | Train Loss: 0.8748
Epoch: 1697 | Step 495608 | Train Loss: 0.8667
Epoch: 1698 | Step 495900 | Train Loss: 0.8582
Epoch: 1699 | Step 496192 | Train Loss: 0.8497
Epoch: 1700 | Step 496484 | Train Loss: 0.8429
Epoch: 1701 | Step 496776 | Train Loss: 0.9451
Epoch: 1702 | Step 497068 | Train Loss: 0.9249
Epoch: 1703 | Step 497360 | Train Loss: 0.9090
Epoch: 1704 | Step 497652 | Train Loss: 0.8976
Epoch: 1705 | Step 497944 | Train Loss: 0.8873
Epoch: 1706 | Step 498236 | Train Loss: 0.8769
Epoch: 1707 | Step 498528 | Train Loss: 0.8681
Epoch: 1708 | Step 498820 | Train Loss: 0.8597
Epoch: 1709 | Step 499112 | Train Loss: 0.8515
Epoch: 1710 | Step 499404 | Train Loss: 0.8453
Epoch: 1711 | Step 499696 | Train Loss: 0.9436
Epoch: 1712 | Step 499988 | Train Loss: 0.9234
Epoch: 1713 | Step 500000 | Valid Loss: 0.9917
Epoch: 1713 | Step 500000 | Mean Mask Error Rate: 0.37018582907717645
Epoch: 1713 | Step 500280 | Train Loss: 0.9095
Epoch: 1714 | Step 500572 | Train Loss: 0.8967
Epoch: 1715 | Step 500864 | Train Loss: 0.8858
Epoch: 1716 | Step 501156 | Train Loss: 0.8762
Epoch: 1717 | Step 501448 | Train Loss: 0.8674
Epoch: 1718 | Step 501740 | Train Loss: 0.8580
Epoch: 1719 | Step 502032 | Train Loss: 0.8510
Epoch: 1720 | Step 502324 | Train Loss: 0.8438
Epoch: 1721 | Step 502616 | Train Loss: 0.9413
Epoch: 1722 | Step 502908 | Train Loss: 0.9206
Epoch: 1723 | Step 503200 | Train Loss: 0.9054
Epoch: 1724 | Step 503492 | Train Loss: 0.8932
Epoch: 1725 | Step 503784 | Train Loss: 0.8816
Epoch: 1726 | Step 504076 | Train Loss: 0.8726
Epoch: 1727 | Step 504368 | Train Loss: 0.8649
Epoch: 1728 | Step 504660 | Train Loss: 0.8556
Epoch: 1729 | Step 504952 | Train Loss: 0.8480
Epoch: 1730 | Step 505000 | Valid Loss: 0.8258
Epoch: 1730 | Step 505000 | Mean Mask Error Rate: 0.3751809213262573
Epoch: 1730 | Step 505244 | Train Loss: 0.8402
Epoch: 1731 | Step 505536 | Train Loss: 0.9442
Epoch: 1732 | Step 505828 | Train Loss: 0.9240
Epoch: 1733 | Step 506120 | Train Loss: 0.9102
Epoch: 1734 | Step 506412 | Train Loss: 0.8968
Epoch: 1735 | Step 506704 | Train Loss: 0.8873
Epoch: 1736 | Step 506996 | Train Loss: 0.8761
Epoch: 1737 | Step 507288 | Train Loss: 0.8679
Epoch: 1738 | Step 507580 | Train Loss: 0.8593
Epoch: 1739 | Step 507872 | Train Loss: 0.8513
Epoch: 1740 | Step 508164 | Train Loss: 0.8433
Epoch: 1741 | Step 508456 | Train Loss: 0.9428
Epoch: 1742 | Step 508748 | Train Loss: 0.9209
Epoch: 1743 | Step 509040 | Train Loss: 0.9066
Epoch: 1744 | Step 509332 | Train Loss: 0.8947
Epoch: 1745 | Step 509624 | Train Loss: 0.8843
Epoch: 1746 | Step 509916 | Train Loss: 0.8740
Epoch: 1747 | Step 510000 | Valid Loss: 0.8371
Epoch: 1747 | Step 510000 | Mean Mask Error Rate: 0.3735131178359314
Epoch: 1747 | Step 510208 | Train Loss: 0.8661
Epoch: 1748 | Step 510500 | Train Loss: 0.8571
Epoch: 1749 | Step 510792 | Train Loss: 0.8476
Epoch: 1750 | Step 511084 | Train Loss: 0.8406
Epoch: 1751 | Step 511376 | Train Loss: 0.9420
Epoch: 1752 | Step 511668 | Train Loss: 0.9218
Epoch: 1753 | Step 511960 | Train Loss: 0.9076
Epoch: 1754 | Step 512252 | Train Loss: 0.8955
Epoch: 1755 | Step 512544 | Train Loss: 0.8848
Epoch: 1756 | Step 512836 | Train Loss: 0.8742
Epoch: 1757 | Step 513128 | Train Loss: 0.8651
Epoch: 1758 | Step 513420 | Train Loss: 0.8567
Epoch: 1759 | Step 513712 | Train Loss: 0.8485
Epoch: 1760 | Step 514004 | Train Loss: 0.8421
Epoch: 1761 | Step 514296 | Train Loss: 0.9414
Epoch: 1762 | Step 514588 | Train Loss: 0.9209
Epoch: 1763 | Step 514880 | Train Loss: 0.9058
Epoch: 1764 | Step 515000 | Valid Loss: 0.8612
Epoch: 1764 | Step 515000 | Mean Mask Error Rate: 0.37182451879086326
Epoch: 1764 | Step 515172 | Train Loss: 0.8939
Epoch: 1765 | Step 515464 | Train Loss: 0.8823
Epoch: 1766 | Step 515756 | Train Loss: 0.8722
Epoch: 1767 | Step 516048 | Train Loss: 0.8639
Epoch: 1768 | Step 516340 | Train Loss: 0.8556
Epoch: 1769 | Step 516632 | Train Loss: 0.8474
Epoch: 1770 | Step 516924 | Train Loss: 0.8397
Epoch: 1771 | Step 517216 | Train Loss: 0.9429
Epoch: 1772 | Step 517508 | Train Loss: 0.9225
Epoch: 1773 | Step 517800 | Train Loss: 0.9072
Epoch: 1774 | Step 518092 | Train Loss: 0.8955
Epoch: 1775 | Step 518384 | Train Loss: 0.8846
Epoch: 1776 | Step 518676 | Train Loss: 0.8746
Epoch: 1777 | Step 518968 | Train Loss: 0.8659
Epoch: 1778 | Step 519260 | Train Loss: 0.8578
Epoch: 1779 | Step 519552 | Train Loss: 0.8490
Epoch: 1780 | Step 519844 | Train Loss: 0.8425
Epoch: 1781 | Step 520000 | Valid Loss: 0.9309
Epoch: 1781 | Step 520000 | Mean Mask Error Rate: 0.37198672411785255
Epoch: 1781 | Step 520136 | Train Loss: 0.9420
Epoch: 1782 | Step 520428 | Train Loss: 0.9212
Epoch: 1783 | Step 520720 | Train Loss: 0.9059
Epoch: 1784 | Step 521012 | Train Loss: 0.8942
Epoch: 1785 | Step 521304 | Train Loss: 0.8846
Epoch: 1786 | Step 521596 | Train Loss: 0.8722
Epoch: 1787 | Step 521888 | Train Loss: 0.8655
Epoch: 1788 | Step 522180 | Train Loss: 0.8556
Epoch: 1789 | Step 522472 | Train Loss: 0.8475
Epoch: 1790 | Step 522764 | Train Loss: 0.8408
Epoch: 1791 | Step 523056 | Train Loss: 0.9404
Epoch: 1792 | Step 523348 | Train Loss: 0.9203
Epoch: 1793 | Step 523640 | Train Loss: 0.9061
Epoch: 1794 | Step 523932 | Train Loss: 0.8931
Epoch: 1795 | Step 524224 | Train Loss: 0.8832
Epoch: 1796 | Step 524516 | Train Loss: 0.8722
Epoch: 1797 | Step 524808 | Train Loss: 0.8640
Epoch: 1798 | Step 525000 | Valid Loss: 0.8623
Epoch: 1798 | Step 525000 | Mean Mask Error Rate: 0.37323445740238564
Epoch: 1798 | Step 525100 | Train Loss: 0.8550
Epoch: 1799 | Step 525392 | Train Loss: 0.8469
Epoch: 1800 | Step 525684 | Train Loss: 0.8407
Epoch: 1801 | Step 525976 | Train Loss: 0.9411
Epoch: 1802 | Step 526268 | Train Loss: 0.9202
Epoch: 1803 | Step 526560 | Train Loss: 0.9059
Epoch: 1804 | Step 526852 | Train Loss: 0.8946
Epoch: 1805 | Step 527144 | Train Loss: 0.8834
Epoch: 1806 | Step 527436 | Train Loss: 0.8732
Epoch: 1807 | Step 527728 | Train Loss: 0.8652
Epoch: 1808 | Step 528020 | Train Loss: 0.8560
Epoch: 1809 | Step 528312 | Train Loss: 0.8478
Epoch: 1810 | Step 528604 | Train Loss: 0.8399
Epoch: 1811 | Step 528896 | Train Loss: 0.9405
Epoch: 1812 | Step 529188 | Train Loss: 0.9199
Epoch: 1813 | Step 529480 | Train Loss: 0.9048
Epoch: 1814 | Step 529772 | Train Loss: 0.8935
Epoch: 1815 | Step 530000 | Valid Loss: 0.8749
Epoch: 1815 | Step 530000 | Mean Mask Error Rate: 0.37165399524197706
Epoch: 1815 | Step 530064 | Train Loss: 0.8811
Epoch: 1816 | Step 530356 | Train Loss: 0.8640
Epoch: 1817 | Step 530648 | Train Loss: 0.8583
Epoch: 1818 | Step 530940 | Train Loss: 0.8512
Epoch: 1819 | Step 531232 | Train Loss: 0.8462
Epoch: 1820 | Step 531524 | Train Loss: 0.8424
Epoch: 1821 | Step 531816 | Train Loss: 0.9300
Epoch: 1822 | Step 532108 | Train Loss: 0.9173
Epoch: 1823 | Step 532400 | Train Loss: 0.9062
Epoch: 1824 | Step 532692 | Train Loss: 0.8988
Epoch: 1825 | Step 532984 | Train Loss: 0.8909
Epoch: 1826 | Step 533276 | Train Loss: 0.8833
Epoch: 1827 | Step 533568 | Train Loss: 0.8764
Epoch: 1828 | Step 533860 | Train Loss: 0.8706
Epoch: 1829 | Step 534152 | Train Loss: 0.8643
Epoch: 1830 | Step 534444 | Train Loss: 0.8583
Epoch: 1831 | Step 534736 | Train Loss: 0.9250
Epoch: 1832 | Step 535000 | Valid Loss: 0.9164
Epoch: 1832 | Step 535000 | Mean Mask Error Rate: 0.3665008567768554
Epoch: 1832 | Step 535028 | Train Loss: 0.9129
Epoch: 1833 | Step 535320 | Train Loss: 0.9021
Epoch: 1834 | Step 535612 | Train Loss: 0.8933
Epoch: 1835 | Step 535904 | Train Loss: 0.8861
Epoch: 1836 | Step 536196 | Train Loss: 0.8777
Epoch: 1837 | Step 536488 | Train Loss: 0.8733
Epoch: 1838 | Step 536780 | Train Loss: 0.8668
Epoch: 1839 | Step 537072 | Train Loss: 0.8606
Epoch: 1840 | Step 537364 | Train Loss: 0.8556
Epoch: 1841 | Step 537656 | Train Loss: 0.9248
Epoch: 1842 | Step 537948 | Train Loss: 0.9123
Epoch: 1843 | Step 538240 | Train Loss: 0.9025
Epoch: 1844 | Step 538532 | Train Loss: 0.8941
Epoch: 1845 | Step 538824 | Train Loss: 0.8869
Epoch: 1846 | Step 539116 | Train Loss: 0.8788
Epoch: 1847 | Step 539408 | Train Loss: 0.8736
Epoch: 1848 | Step 539700 | Train Loss: 0.8661
Epoch: 1849 | Step 539992 | Train Loss: 0.8606
Epoch: 1850 | Step 540000 | Valid Loss: 0.6021
Epoch: 1850 | Step 540000 | Mean Mask Error Rate: 0.36672544876807134
Epoch: 1850 | Step 540284 | Train Loss: 0.8555
Epoch: 1851 | Step 540576 | Train Loss: 0.9235
Epoch: 1852 | Step 540868 | Train Loss: 0.9113
Epoch: 1853 | Step 541160 | Train Loss: 0.9017
Epoch: 1854 | Step 541452 | Train Loss: 0.8935
Epoch: 1855 | Step 541744 | Train Loss: 0.8846
Epoch: 1856 | Step 542036 | Train Loss: 0.8789
Epoch: 1857 | Step 542328 | Train Loss: 0.8725
Epoch: 1858 | Step 542620 | Train Loss: 0.8660
Epoch: 1859 | Step 542912 | Train Loss: 0.8598
Epoch: 1860 | Step 543204 | Train Loss: 0.8550
Epoch: 1861 | Step 543496 | Train Loss: 0.9213
Epoch: 1862 | Step 543788 | Train Loss: 0.9089
Epoch: 1863 | Step 544080 | Train Loss: 0.8984
Epoch: 1864 | Step 544372 | Train Loss: 0.8895
Epoch: 1865 | Step 544664 | Train Loss: 0.8834
Epoch: 1866 | Step 544956 | Train Loss: 0.8757
Epoch: 1867 | Step 545000 | Valid Loss: 0.9178
Epoch: 1867 | Step 545000 | Mean Mask Error Rate: 0.36509507727628143
Epoch: 1867 | Step 545248 | Train Loss: 0.8694
Epoch: 1868 | Step 545540 | Train Loss: 0.8638
Epoch: 1869 | Step 545832 | Train Loss: 0.8576
Epoch: 1870 | Step 546124 | Train Loss: 0.8511
Epoch: 1871 | Step 546416 | Train Loss: 0.9220
Epoch: 1872 | Step 546708 | Train Loss: 0.9094
Epoch: 1873 | Step 547000 | Train Loss: 0.8995
Epoch: 1874 | Step 547292 | Train Loss: 0.8914
Epoch: 1875 | Step 547584 | Train Loss: 0.8842
Epoch: 1876 | Step 547876 | Train Loss: 0.8762
Epoch: 1877 | Step 548168 | Train Loss: 0.8710
Epoch: 1878 | Step 548460 | Train Loss: 0.8638
Epoch: 1879 | Step 548752 | Train Loss: 0.8578
Epoch: 1880 | Step 549044 | Train Loss: 0.8530
Epoch: 1881 | Step 549336 | Train Loss: 0.9215
Epoch: 1882 | Step 549628 | Train Loss: 0.9093
Epoch: 1883 | Step 549920 | Train Loss: 0.8990
Epoch: 1884 | Step 550000 | Valid Loss: 0.8600
Epoch: 1884 | Step 550000 | Mean Mask Error Rate: 0.3650243723901579
Epoch: 1884 | Step 550212 | Train Loss: 0.8913
Epoch: 1885 | Step 550504 | Train Loss: 0.8837
Epoch: 1886 | Step 550796 | Train Loss: 0.8769
Epoch: 1887 | Step 551088 | Train Loss: 0.8699
Epoch: 1888 | Step 551380 | Train Loss: 0.8640
Epoch: 1889 | Step 551672 | Train Loss: 0.8581
Epoch: 1890 | Step 551964 | Train Loss: 0.8520
Epoch: 1891 | Step 552256 | Train Loss: 0.9208
Epoch: 1892 | Step 552548 | Train Loss: 0.9082
Epoch: 1893 | Step 552840 | Train Loss: 0.8976
Epoch: 1894 | Step 553132 | Train Loss: 0.8892
Epoch: 1895 | Step 553424 | Train Loss: 0.8816
Epoch: 1896 | Step 553716 | Train Loss: 0.8739
Epoch: 1897 | Step 554008 | Train Loss: 0.8675
Epoch: 1898 | Step 554300 | Train Loss: 0.8622
Epoch: 1899 | Step 554592 | Train Loss: 0.8560
Epoch: 1900 | Step 554884 | Train Loss: 0.8510
Epoch: 1901 | Step 555000 | Valid Loss: 0.8941
Epoch: 1901 | Step 555000 | Mean Mask Error Rate: 0.3653986923755178
Epoch: 1901 | Step 555176 | Train Loss: 0.9191
Epoch: 1902 | Step 555468 | Train Loss: 0.9052
Epoch: 1903 | Step 555760 | Train Loss: 0.8960
Epoch: 1904 | Step 556052 | Train Loss: 0.8876
Epoch: 1905 | Step 556344 | Train Loss: 0.8802
Epoch: 1906 | Step 556636 | Train Loss: 0.8728
Epoch: 1907 | Step 556928 | Train Loss: 0.8667
Epoch: 1908 | Step 557220 | Train Loss: 0.8600
Epoch: 1909 | Step 557512 | Train Loss: 0.8542
Epoch: 1910 | Step 557804 | Train Loss: 0.8488
Epoch: 1911 | Step 558096 | Train Loss: 0.9195
Epoch: 1912 | Step 558388 | Train Loss: 0.9063
Epoch: 1913 | Step 558680 | Train Loss: 0.8957
Epoch: 1914 | Step 558972 | Train Loss: 0.8879
Epoch: 1915 | Step 559264 | Train Loss: 0.8812
Epoch: 1916 | Step 559556 | Train Loss: 0.8725
Epoch: 1917 | Step 559848 | Train Loss: 0.8667
Epoch: 1918 | Step 560000 | Valid Loss: 0.8707
Epoch: 1918 | Step 560000 | Mean Mask Error Rate: 0.3664384701126287
Epoch: 1918 | Step 560140 | Train Loss: 0.8606
Epoch: 1919 | Step 560432 | Train Loss: 0.8558
Epoch: 1920 | Step 560724 | Train Loss: 0.8500
Epoch: 1921 | Step 561016 | Train Loss: 0.9208
Epoch: 1922 | Step 561308 | Train Loss: 0.9081
Epoch: 1923 | Step 561600 | Train Loss: 0.8990
Epoch: 1924 | Step 561892 | Train Loss: 0.8886
Epoch: 1925 | Step 562184 | Train Loss: 0.8822
Epoch: 1926 | Step 562476 | Train Loss: 0.8744
Epoch: 1927 | Step 562768 | Train Loss: 0.8692
Epoch: 1928 | Step 563060 | Train Loss: 0.8630
Epoch: 1929 | Step 563352 | Train Loss: 0.8570
Epoch: 1930 | Step 563644 | Train Loss: 0.8511
Epoch: 1931 | Step 563936 | Train Loss: 0.9166
Epoch: 1932 | Step 564228 | Train Loss: 0.9025
Epoch: 1933 | Step 564520 | Train Loss: 0.8937
Epoch: 1934 | Step 564812 | Train Loss: 0.8860
Epoch: 1935 | Step 565000 | Valid Loss: 0.8940
Epoch: 1935 | Step 565000 | Mean Mask Error Rate: 0.3633399324560382
Epoch: 1935 | Step 565104 | Train Loss: 0.8780
Epoch: 1936 | Step 565396 | Train Loss: 0.8712
Epoch: 1937 | Step 565688 | Train Loss: 0.8639
Epoch: 1938 | Step 565980 | Train Loss: 0.8583
Epoch: 1939 | Step 566272 | Train Loss: 0.8522
Epoch: 1940 | Step 566564 | Train Loss: 0.8466
Epoch: 1941 | Step 566856 | Train Loss: 0.9160
Epoch: 1942 | Step 567148 | Train Loss: 0.9025
Epoch: 1943 | Step 567440 | Train Loss: 0.8930
Epoch: 1944 | Step 567732 | Train Loss: 0.8836
Epoch: 1945 | Step 568024 | Train Loss: 0.8771
Epoch: 1946 | Step 568316 | Train Loss: 0.8694
Epoch: 1947 | Step 568608 | Train Loss: 0.8632
Epoch: 1948 | Step 568900 | Train Loss: 0.8564
Epoch: 1949 | Step 569192 | Train Loss: 0.8507
Epoch: 1950 | Step 569484 | Train Loss: 0.8454
Epoch: 1951 | Step 569776 | Train Loss: 0.9160
Epoch: 1952 | Step 570000 | Valid Loss: 0.8998
Epoch: 1952 | Step 570000 | Mean Mask Error Rate: 0.36315277246335825
Epoch: 1952 | Step 570068 | Train Loss: 0.9035
Epoch: 1953 | Step 570360 | Train Loss: 0.8934
Epoch: 1954 | Step 570652 | Train Loss: 0.8854
Epoch: 1955 | Step 570944 | Train Loss: 0.8788
Epoch: 1956 | Step 571236 | Train Loss: 0.8700
Epoch: 1957 | Step 571528 | Train Loss: 0.8645
Epoch: 1958 | Step 571820 | Train Loss: 0.8587
Epoch: 1959 | Step 572112 | Train Loss: 0.8527
Epoch: 1960 | Step 572404 | Train Loss: 0.8474
Epoch: 1961 | Step 572696 | Train Loss: 0.9154
Epoch: 1962 | Step 572988 | Train Loss: 0.9029
Epoch: 1963 | Step 573280 | Train Loss: 0.8925
Epoch: 1964 | Step 573572 | Train Loss: 0.8846
Epoch: 1965 | Step 573864 | Train Loss: 0.8773
Epoch: 1966 | Step 574156 | Train Loss: 0.8702
Epoch: 1967 | Step 574448 | Train Loss: 0.8631
Epoch: 1968 | Step 574740 | Train Loss: 0.8572
Epoch: 1969 | Step 575000 | Valid Loss: 0.8603
Epoch: 1969 | Step 575000 | Mean Mask Error Rate: 0.3642674141975411
Epoch: 1969 | Step 575032 | Train Loss: 0.8511
Epoch: 1970 | Step 575324 | Train Loss: 0.8454
Epoch: 1971 | Step 575616 | Train Loss: 0.9167
Epoch: 1972 | Step 575908 | Train Loss: 0.9042
Epoch: 1973 | Step 576200 | Train Loss: 0.8940
Epoch: 1974 | Step 576492 | Train Loss: 0.8857
Epoch: 1975 | Step 576784 | Train Loss: 0.8785
Epoch: 1976 | Step 577076 | Train Loss: 0.8705
Epoch: 1977 | Step 577368 | Train Loss: 0.8637
Epoch: 1978 | Step 577660 | Train Loss: 0.8591
Epoch: 1979 | Step 577952 | Train Loss: 0.8521
Epoch: 1980 | Step 578244 | Train Loss: 0.8459
Epoch: 1981 | Step 578536 | Train Loss: 0.9149
Epoch: 1982 | Step 578828 | Train Loss: 0.9019
Epoch: 1983 | Step 579120 | Train Loss: 0.8915
Epoch: 1984 | Step 579412 | Train Loss: 0.8834
Epoch: 1985 | Step 579704 | Train Loss: 0.8769
Epoch: 1986 | Step 579996 | Train Loss: 0.8689
Epoch: 1987 | Step 580000 | Valid Loss: 0.9868
Epoch: 1987 | Step 580000 | Mean Mask Error Rate: 0.363394000898368
Epoch: 1987 | Step 580288 | Train Loss: 0.8632
Epoch: 1988 | Step 580580 | Train Loss: 0.8562
Epoch: 1989 | Step 580872 | Train Loss: 0.8512
Epoch: 1990 | Step 581164 | Train Loss: 0.8447
Epoch: 1991 | Step 581456 | Train Loss: 0.9155
Epoch: 1992 | Step 581748 | Train Loss: 0.9024
Epoch: 1993 | Step 582040 | Train Loss: 0.8930
Epoch: 1994 | Step 582332 | Train Loss: 0.8845
Epoch: 1995 | Step 582624 | Train Loss: 0.8759
Epoch: 1996 | Step 582916 | Train Loss: 0.8689
Epoch: 1997 | Step 583208 | Train Loss: 0.8642
Epoch: 1998 | Step 583500 | Train Loss: 0.8561
Epoch: 1999 | Step 583792 | Train Loss: 0.8517
Epoch: 2000 | Step 584084 | Train Loss: 0.8454
Epoch: 2001 | Step 584376 | Train Loss: 0.9151
Epoch: 2002 | Step 584668 | Train Loss: 0.9015
Epoch: 2003 | Step 584960 | Train Loss: 0.8912
Epoch: 2004 | Step 585000 | Valid Loss: 0.9124
Epoch: 2004 | Step 585000 | Mean Mask Error Rate: 0.3625205875991948
Epoch: 2004 | Step 585252 | Train Loss: 0.8829
Epoch: 2005 | Step 585544 | Train Loss: 0.8749
Epoch: 2006 | Step 585836 | Train Loss: 0.8684
Epoch: 2007 | Step 586128 | Train Loss: 0.8626
Epoch: 2008 | Step 586420 | Train Loss: 0.8561
Epoch: 2009 | Step 586712 | Train Loss: 0.8495
Epoch: 2010 | Step 587004 | Train Loss: 0.8444
Epoch: 2011 | Step 587296 | Train Loss: 0.9119
Epoch: 2012 | Step 587588 | Train Loss: 0.9005
Epoch: 2013 | Step 587880 | Train Loss: 0.8893
Epoch: 2014 | Step 588172 | Train Loss: 0.8816
Epoch: 2015 | Step 588464 | Train Loss: 0.8740
Epoch: 2016 | Step 588756 | Train Loss: 0.8663
Epoch: 2017 | Step 589048 | Train Loss: 0.8608
Epoch: 2018 | Step 589340 | Train Loss: 0.8537
Epoch: 2019 | Step 589632 | Train Loss: 0.8484
Epoch: 2020 | Step 589924 | Train Loss: 0.8427
Epoch: 2021 | Step 590000 | Valid Loss: 0.8657
Epoch: 2021 | Step 590000 | Mean Mask Error Rate: 0.3634106373421617
Epoch: 2021 | Step 590216 | Train Loss: 0.9157
Epoch: 2022 | Step 590508 | Train Loss: 0.9023
Epoch: 2023 | Step 590800 | Train Loss: 0.8929
Epoch: 2024 | Step 591092 | Train Loss: 0.8838
Epoch: 2025 | Step 591384 | Train Loss: 0.8763
Epoch: 2026 | Step 591676 | Train Loss: 0.8687
Epoch: 2027 | Step 591968 | Train Loss: 0.8633
Epoch: 2028 | Step 592260 | Train Loss: 0.8564
Epoch: 2029 | Step 592552 | Train Loss: 0.8507
Epoch: 2030 | Step 592844 | Train Loss: 0.8448
Epoch: 2031 | Step 593136 | Train Loss: 0.9122
Epoch: 2032 | Step 593428 | Train Loss: 0.9000
Epoch: 2033 | Step 593720 | Train Loss: 0.8898
Epoch: 2034 | Step 594012 | Train Loss: 0.8819
Epoch: 2035 | Step 594304 | Train Loss: 0.8737
Epoch: 2036 | Step 594596 | Train Loss: 0.8654
Epoch: 2037 | Step 594888 | Train Loss: 0.8598
Epoch: 2038 | Step 595000 | Valid Loss: 0.8696
Epoch: 2038 | Step 595000 | Mean Mask Error Rate: 0.363872298657439
Epoch: 2038 | Step 595180 | Train Loss: 0.8538
Epoch: 2039 | Step 595472 | Train Loss: 0.8473
Epoch: 2040 | Step 595764 | Train Loss: 0.8417
Epoch: 2041 | Step 596056 | Train Loss: 0.9134
Epoch: 2042 | Step 596348 | Train Loss: 0.8993
Epoch: 2043 | Step 596640 | Train Loss: 0.8900
Epoch: 2044 | Step 596932 | Train Loss: 0.8812
Epoch: 2045 | Step 597224 | Train Loss: 0.8732
Epoch: 2046 | Step 597516 | Train Loss: 0.8671
Epoch: 2047 | Step 597808 | Train Loss: 0.8590
Epoch: 2048 | Step 598100 | Train Loss: 0.8532
Epoch: 2049 | Step 598392 | Train Loss: 0.8474
Epoch: 2050 | Step 598684 | Train Loss: 0.8417
Epoch: 2051 | Step 598976 | Train Loss: 0.9131
Epoch: 2052 | Step 599268 | Train Loss: 0.9002
Epoch: 2053 | Step 599560 | Train Loss: 0.8893
Epoch: 2054 | Step 599852 | Train Loss: 0.8814
Epoch: 2055 | Step 600000 | Valid Loss: 0.8857
Epoch: 2055 | Step 600000 | Mean Mask Error Rate: 0.3622252907218553
Epoch: 2055 | Step 600144 | Train Loss: 0.8736
Epoch: 2056 | Step 600436 | Train Loss: 0.8665
Epoch: 2057 | Step 600728 | Train Loss: 0.8597
Epoch: 2058 | Step 601020 | Train Loss: 0.8550
Epoch: 2059 | Step 601312 | Train Loss: 0.8480
Epoch: 2060 | Step 601604 | Train Loss: 0.8430
Epoch: 2061 | Step 601896 | Train Loss: 0.9112
Epoch: 2062 | Step 602188 | Train Loss: 0.8988
Epoch: 2063 | Step 602480 | Train Loss: 0.8889
Epoch: 2064 | Step 602772 | Train Loss: 0.8808
Epoch: 2065 | Step 603064 | Train Loss: 0.8731
Epoch: 2066 | Step 603356 | Train Loss: 0.8656
Epoch: 2067 | Step 603648 | Train Loss: 0.8598
Epoch: 2068 | Step 603940 | Train Loss: 0.8530
Epoch: 2069 | Step 604232 | Train Loss: 0.8474
Epoch: 2070 | Step 604524 | Train Loss: 0.8418
Epoch: 2071 | Step 604816 | Train Loss: 0.9136
Epoch: 2072 | Step 605000 | Valid Loss: 0.9091
Epoch: 2072 | Step 605000 | Mean Mask Error Rate: 0.3627867706998952
Epoch: 2072 | Step 605108 | Train Loss: 0.9009
Epoch: 2073 | Step 605400 | Train Loss: 0.8905
Epoch: 2074 | Step 605692 | Train Loss: 0.8817
Epoch: 2075 | Step 605984 | Train Loss: 0.8755
Epoch: 2076 | Step 606276 | Train Loss: 0.8683
Epoch: 2077 | Step 606568 | Train Loss: 0.8612
Epoch: 2078 | Step 606860 | Train Loss: 0.8548
Epoch: 2079 | Step 607152 | Train Loss: 0.8492
Epoch: 2080 | Step 607444 | Train Loss: 0.8428
Epoch: 2081 | Step 607736 | Train Loss: 0.9123
Epoch: 2082 | Step 608028 | Train Loss: 0.8995
Epoch: 2083 | Step 608320 | Train Loss: 0.8900
Epoch: 2084 | Step 608612 | Train Loss: 0.8807
Epoch: 2085 | Step 608904 | Train Loss: 0.8735
Epoch: 2086 | Step 609196 | Train Loss: 0.8661
Epoch: 2087 | Step 609488 | Train Loss: 0.8599
Epoch: 2088 | Step 609780 | Train Loss: 0.8535
Epoch: 2089 | Step 610000 | Valid Loss: 0.8524
Epoch: 2089 | Step 610000 | Mean Mask Error Rate: 0.3632026817947396
Epoch: 2089 | Step 610072 | Train Loss: 0.8479
Epoch: 2090 | Step 610364 | Train Loss: 0.8414
Epoch: 2091 | Step 610656 | Train Loss: 0.9120
Epoch: 2092 | Step 610948 | Train Loss: 0.8983
Epoch: 2093 | Step 611240 | Train Loss: 0.8891
Epoch: 2094 | Step 611532 | Train Loss: 0.8804
Epoch: 2095 | Step 611824 | Train Loss: 0.8725
Epoch: 2096 | Step 612116 | Train Loss: 0.8653
Epoch: 2097 | Step 612408 | Train Loss: 0.8586
Epoch: 2098 | Step 612700 | Train Loss: 0.8532
Epoch: 2099 | Step 612992 | Train Loss: 0.8461
Epoch: 2100 | Step 613284 | Train Loss: 0.8408
Epoch: 2101 | Step 613576 | Train Loss: 0.9115
Epoch: 2102 | Step 613868 | Train Loss: 0.8998
Epoch: 2103 | Step 614160 | Train Loss: 0.8894
Epoch: 2104 | Step 614452 | Train Loss: 0.8809
Epoch: 2105 | Step 614744 | Train Loss: 0.8734
Epoch: 2106 | Step 615000 | Valid Loss: 0.8478
Epoch: 2106 | Step 615000 | Mean Mask Error Rate: 0.36218369961237085
Epoch: 2106 | Step 615036 | Train Loss: 0.8656
Epoch: 2107 | Step 615328 | Train Loss: 0.8588
Epoch: 2108 | Step 615620 | Train Loss: 0.8530
Epoch: 2109 | Step 615912 | Train Loss: 0.8467
Epoch: 2110 | Step 616204 | Train Loss: 0.8415
Epoch: 2111 | Step 616496 | Train Loss: 0.9117
Epoch: 2112 | Step 616788 | Train Loss: 0.8990
Epoch: 2113 | Step 617080 | Train Loss: 0.8885
Epoch: 2114 | Step 617372 | Train Loss: 0.8806
Epoch: 2115 | Step 617664 | Train Loss: 0.8727
Epoch: 2116 | Step 617956 | Train Loss: 0.8651
Epoch: 2117 | Step 618248 | Train Loss: 0.8595
Epoch: 2118 | Step 618540 | Train Loss: 0.8530
Epoch: 2119 | Step 618832 | Train Loss: 0.8470
Epoch: 2120 | Step 619124 | Train Loss: 0.8410
Epoch: 2121 | Step 619416 | Train Loss: 0.9119
Epoch: 2122 | Step 619708 | Train Loss: 0.8987
Epoch: 2123 | Step 620000 | Valid Loss: 0.8895
Epoch: 2123 | Step 620000 | Mean Mask Error Rate: 0.3609110116621471
Epoch: 2123 | Step 620 | Train Loss: 0.8895
Epoch: 2124 | Step 620292 | Train Loss: 0.8811
Epoch: 2125 | Step 620584 | Train Loss: 0.8737
Epoch: 2126 | Step 620876 | Train Loss: 0.8656
Epoch: 2127 | Step 621168 | Train Loss: 0.8582
Epoch: 2128 | Step 621460 | Train Loss: 0.8523
Epoch: 2129 | Step 621752 | Train Loss: 0.8475
Epoch: 2130 | Step 622044 | Train Loss: 0.8425
Epoch: 2131 | Step 622336 | Train Loss: 0.9101
Epoch: 2132 | Step 622628 | Train Loss: 0.8969
Epoch: 2133 | Step 622920 | Train Loss: 0.8866
Epoch: 2134 | Step 623212 | Train Loss: 0.8784
Epoch: 2135 | Step 623504 | Train Loss: 0.8713
Epoch: 2136 | Step 623796 | Train Loss: 0.8635
Epoch: 2137 | Step 624088 | Train Loss: 0.8565
Epoch: 2138 | Step 624380 | Train Loss: 0.8506
Epoch: 2139 | Step 624672 | Train Loss: 0.8443
Epoch: 2140 | Step 624964 | Train Loss: 0.8388
Epoch: 2141 | Step 625000 | Valid Loss: 0.9020
Epoch: 2141 | Step 625000 | Mean Mask Error Rate: 0.36296145335972985
Epoch: 2141 | Step 625256 | Train Loss: 0.9106
Epoch: 2142 | Step 625548 | Train Loss: 0.8986
Epoch: 2143 | Step 625840 | Train Loss: 0.8886
Epoch: 2144 | Step 626132 | Train Loss: 0.8797
Epoch: 2145 | Step 626424 | Train Loss: 0.8718
Epoch: 2146 | Step 626716 | Train Loss: 0.8651
Epoch: 2147 | Step 627008 | Train Loss: 0.8583
Epoch: 2148 | Step 627300 | Train Loss: 0.8522
Epoch: 2149 | Step 627592 | Train Loss: 0.8462
Epoch: 2150 | Step 627884 | Train Loss: 0.8406
Epoch: 2151 | Step 628176 | Train Loss: 0.9112
Epoch: 2152 | Step 628468 | Train Loss: 0.8977
Epoch: 2153 | Step 628760 | Train Loss: 0.8878
Epoch: 2154 | Step 629052 | Train Loss: 0.8796
Epoch: 2155 | Step 629344 | Train Loss: 0.8717
Epoch: 2156 | Step 629636 | Train Loss: 0.8644
Epoch: 2157 | Step 629928 | Train Loss: 0.8589
Epoch: 2158 | Step 630000 | Valid Loss: 0.8902
Epoch: 2158 | Step 630000 | Mean Mask Error Rate: 0.3630072035801627
Epoch: 2158 | Step 630220 | Train Loss: 0.8530
Epoch: 2159 | Step 630512 | Train Loss: 0.8459
Epoch: 2160 | Step 630804 | Train Loss: 0.8409
Epoch: 2161 | Step 631096 | Train Loss: 0.9118
Epoch: 2162 | Step 631388 | Train Loss: 0.8987
Epoch: 2163 | Step 631680 | Train Loss: 0.8892
Epoch: 2164 | Step 631972 | Train Loss: 0.8797
Epoch: 2165 | Step 632264 | Train Loss: 0.8721
Epoch: 2166 | Step 632556 | Train Loss: 0.8646
Epoch: 2167 | Step 632848 | Train Loss: 0.8585
Epoch: 2168 | Step 633140 | Train Loss: 0.8523
Epoch: 2169 | Step 633432 | Train Loss: 0.8458
Epoch: 2170 | Step 633724 | Train Loss: 0.8410
Epoch: 2171 | Step 634016 | Train Loss: 0.9119
Epoch: 2172 | Step 634308 | Train Loss: 0.8996
Epoch: 2173 | Step 634600 | Train Loss: 0.8897
Epoch: 2174 | Step 634892 | Train Loss: 0.8800
Epoch: 2175 | Step 635000 | Valid Loss: 0.8706
Epoch: 2175 | Step 635000 | Mean Mask Error Rate: 0.36220033605616464
Epoch: 2175 | Step 635184 | Train Loss: 0.8726