ForwardTransformer(
  (embedding): Embedding(31, 512)
  (pos_encoder): PositionalEncoding(
    (dropout): Dropout(p=0.1, inplace=False)
  )
  (encoder): TransformerEncoder(
    (layers): ModuleList(
      (0): TransformerEncoderLayer(
        (self_attn): MultiheadAttention(
          (out_proj): _LinearWithBias(in_features=512, out_features=512, bias=True)
        )
        (linear1): Linear(in_features=512, out_features=2048, bias=True)
        (dropout): Dropout(p=0.1, inplace=False)
        (linear2): Linear(in_features=2048, out_features=512, bias=True)
        (norm1): LayerNorm((512,), eps=1e-05, elementwise_affine=True)
        (norm2): LayerNorm((512,), eps=1e-05, elementwise_affine=True)
        (dropout1): Dropout(p=0.1, inplace=False)
        (dropout2): Dropout(p=0.1, inplace=False)
      )
      (1): TransformerEncoderLayer(
        (self_attn): MultiheadAttention(
          (out_proj): _LinearWithBias(in_features=512, out_features=512, bias=True)
        )
        (linear1): Linear(in_features=512, out_features=2048, bias=True)
        (dropout): Dropout(p=0.1, inplace=False)
        (linear2): Linear(in_features=2048, out_features=512, bias=True)
        (norm1): LayerNorm((512,), eps=1e-05, elementwise_affine=True)
        (norm2): LayerNorm((512,), eps=1e-05, elementwise_affine=True)
        (dropout1): Dropout(p=0.1, inplace=False)
        (dropout2): Dropout(p=0.1, inplace=False)
      )
      (2): TransformerEncoderLayer(
        (self_attn): MultiheadAttention(
          (out_proj): _LinearWithBias(in_features=512, out_features=512, bias=True)
        )
        (linear1): Linear(in_features=512, out_features=2048, bias=True)
        (dropout): Dropout(p=0.1, inplace=False)
        (linear2): Linear(in_features=2048, out_features=512, bias=True)
        (norm1): LayerNorm((512,), eps=1e-05, elementwise_affine=True)
        (norm2): LayerNorm((512,), eps=1e-05, elementwise_affine=True)
        (dropout1): Dropout(p=0.1, inplace=False)
        (dropout2): Dropout(p=0.1, inplace=False)
      )
      (3): TransformerEncoderLayer(
        (self_attn): MultiheadAttention(
          (out_proj): _LinearWithBias(in_features=512, out_features=512, bias=True)
        )
        (linear1): Linear(in_features=512, out_features=2048, bias=True)
        (dropout): Dropout(p=0.1, inplace=False)
        (linear2): Linear(in_features=2048, out_features=512, bias=True)
        (norm1): LayerNorm((512,), eps=1e-05, elementwise_affine=True)
        (norm2): LayerNorm((512,), eps=1e-05, elementwise_affine=True)
        (dropout1): Dropout(p=0.1, inplace=False)
        (dropout2): Dropout(p=0.1, inplace=False)
      )
    )
    (norm): LayerNorm((512,), eps=1e-05, elementwise_affine=True)
  )
  (fc_out): Linear(in_features=512, out_features=72, bias=True)
)
CTCLoss(
  (criterion): CTCLoss()
)
Training on device: cuda
Epoch: 1 | Step 183 | Train Loss: 4.482
Epoch: 2 | Step 366 | Train Loss: 1.319
Epoch: 3 | Step 549 | Train Loss: 1.058
Epoch: 4 | Step 732 | Train Loss: 0.8784
Epoch: 5 | Step 915 | Train Loss: 0.7258
Epoch: 6 | Step 1098 | Train Loss: 0.6190
Epoch: 7 | Step 1281 | Train Loss: 0.5460
Epoch: 8 | Step 1464 | Train Loss: 0.4640
Epoch: 9 | Step 1647 | Train Loss: 0.3915
Epoch: 10 | Step 1830 | Train Loss: 0.3412
Epoch: 11 | Step 2000 | Valid Loss: 0.3126
Epoch: 11 | Step 2000 | Mean PER: 0.12421789483641671 | Mean WER: 0.46919148936170213
Epoch: 11 | Step 2013 | Train Loss: 0.3086
Epoch: 12 | Step 2196 | Train Loss: 0.2943
Epoch: 13 | Step 2379 | Train Loss: 0.2840
Epoch: 14 | Step 2562 | Train Loss: 0.2667
Epoch: 15 | Step 2745 | Train Loss: 0.2568
Epoch: 16 | Step 2928 | Train Loss: 0.2423
Epoch: 17 | Step 3111 | Train Loss: 0.2355
Epoch: 18 | Step 3294 | Train Loss: 0.2312
Epoch: 19 | Step 3477 | Train Loss: 0.2270
Epoch: 20 | Step 3660 | Train Loss: 0.2116
Epoch: 21 | Step 3843 | Train Loss: 0.2238
Epoch: 22 | Step 4000 | Valid Loss: 0.2037
Epoch: 22 | Step 4000 | Mean PER: 0.11019067825240882 | Mean WER: 0.4326808510638298
Epoch: 22 | Step 4026 | Train Loss: 0.2062
Epoch: 23 | Step 4209 | Train Loss: 0.2020
Epoch: 24 | Step 4392 | Train Loss: 0.1982
Epoch: 25 | Step 4575 | Train Loss: 0.1998
Epoch: 26 | Step 4758 | Train Loss: 0.1854
Epoch: 27 | Step 4941 | Train Loss: 0.1823
Epoch: 28 | Step 5124 | Train Loss: 0.1790
Epoch: 29 | Step 5307 | Train Loss: 0.1798
Epoch: 30 | Step 5490 | Train Loss: 0.1794
Epoch: 31 | Step 5673 | Train Loss: 0.1689
Epoch: 32 | Step 5856 | Train Loss: 0.1735
Epoch: 33 | Step 6000 | Valid Loss: 0.1675
Epoch: 33 | Step 6000 | Mean PER: 0.09827159826484141 | Mean WER: 0.39506382978723403
Epoch: 33 | Step 6039 | Train Loss: 0.1691
Epoch: 34 | Step 6222 | Train Loss: 0.1762
Epoch: 35 | Step 6405 | Train Loss: 0.1596
Epoch: 36 | Step 6588 | Train Loss: 0.1634
Epoch: 37 | Step 6771 | Train Loss: 0.1579
Epoch: 38 | Step 6954 | Train Loss: 0.1680
Epoch: 39 | Step 7137 | Train Loss: 0.1545
Epoch: 40 | Step 7320 | Train Loss: 0.1564
Epoch: 41 | Step 7503 | Train Loss: 0.1571
Epoch: 42 | Step 7686 | Train Loss: 0.1549
Epoch: 43 | Step 7869 | Train Loss: 0.1533
Epoch: 44 | Step 8000 | Valid Loss: 0.1541
Epoch: 44 | Step 8000 | Mean PER: 0.09506885228178759 | Mean WER: 0.3818723404255319
Epoch: 44 | Step 8052 | Train Loss: 0.1605
Epoch: 45 | Step 8235 | Train Loss: 0.1498
Epoch: 46 | Step 8418 | Train Loss: 0.1517
Epoch: 47 | Step 8601 | Train Loss: 0.1500
Epoch: 48 | Step 8784 | Train Loss: 0.1489
Epoch: 49 | Step 8967 | Train Loss: 0.1375
Epoch: 50 | Step 9150 | Train Loss: 0.1421
Epoch: 51 | Step 9333 | Train Loss: 0.1428
Epoch: 52 | Step 9516 | Train Loss: 0.1422
Epoch: 53 | Step 9699 | Train Loss: 0.1389
Epoch: 54 | Step 9882 | Train Loss: 0.1458
Epoch: 55 | Step 10000 | Valid Loss: 0.1365
Epoch: 55 | Step 10000 | Mean PER: 0.0936634278841606 | Mean WER: 0.37761702127659574
Epoch: 55 | Step 10065 | Train Loss: 0.1381
Epoch: 56 | Step 10248 | Train Loss: 0.1354
Epoch: 57 | Step 10431 | Train Loss: 0.1341
Epoch: 58 | Step 10614 | Train Loss: 0.1228
Epoch: 59 | Step 10797 | Train Loss: 0.1137
Epoch: 60 | Step 10980 | Train Loss: 0.1157
Epoch: 61 | Step 11163 | Train Loss: 0.1096
Epoch: 62 | Step 11346 | Train Loss: 0.1261
Epoch: 63 | Step 11529 | Train Loss: 0.1104
Epoch: 64 | Step 11712 | Train Loss: 0.1057
Epoch: 65 | Step 11895 | Train Loss: 0.09975
Epoch: 66 | Step 12000 | Valid Loss: 0.09506
Epoch: 66 | Step 12000 | Mean PER: 0.0893930999067555 | Mean WER: 0.36059574468085104
Epoch: 66 | Step 12078 | Train Loss: 0.09780
Epoch: 67 | Step 12261 | Train Loss: 0.1028
Epoch: 68 | Step 12444 | Train Loss: 0.09685
Epoch: 69 | Step 12627 | Train Loss: 0.09634
Epoch: 70 | Step 12810 | Train Loss: 0.08921
Epoch: 71 | Step 12993 | Train Loss: 0.09214
Epoch: 72 | Step 13176 | Train Loss: 0.08747
Epoch: 73 | Step 13359 | Train Loss: 0.09178
Epoch: 74 | Step 13542 | Train Loss: 0.08690
Epoch: 75 | Step 13725 | Train Loss: 0.08031
Epoch: 76 | Step 13908 | Train Loss: 0.08121
Epoch: 77 | Step 14000 | Valid Loss: 0.07155
Epoch: 77 | Step 14000 | Mean PER: 0.08623089501209476 | Mean WER: 0.3474042553191489
Epoch: 77 | Step 14091 | Train Loss: 0.07864
Epoch: 78 | Step 14274 | Train Loss: 0.08203
Epoch: 79 | Step 14457 | Train Loss: 0.08553
Epoch: 80 | Step 14640 | Train Loss: 0.08229
Epoch: 81 | Step 14823 | Train Loss: 0.07414
Epoch: 82 | Step 15006 | Train Loss: 0.07292
Epoch: 83 | Step 15189 | Train Loss: 0.06722
Epoch: 84 | Step 15372 | Train Loss: 0.07110
Epoch: 85 | Step 15555 | Train Loss: 0.06704
Epoch: 86 | Step 15738 | Train Loss: 0.06560
Epoch: 87 | Step 15921 | Train Loss: 0.07588
Epoch: 88 | Step 16000 | Valid Loss: 0.06547
Epoch: 88 | Step 16000 | Mean PER: 0.08682549764186002 | Mean WER: 0.34910638297872343
Epoch: 88 | Step 16104 | Train Loss: 0.09634
Epoch: 89 | Step 16287 | Train Loss: 0.06935
Epoch: 90 | Step 16470 | Train Loss: 0.06104
Epoch: 91 | Step 16653 | Train Loss: 0.05373
Epoch: 92 | Step 16836 | Train Loss: 0.05687
Epoch: 93 | Step 17019 | Train Loss: 0.05848
Epoch: 94 | Step 17202 | Train Loss: 0.05477
Epoch: 95 | Step 17385 | Train Loss: 0.05872
Epoch: 96 | Step 17568 | Train Loss: 0.05706
Epoch: 97 | Step 17751 | Train Loss: 0.05788
Epoch: 98 | Step 17934 | Train Loss: 0.05671
Epoch: 99 | Step 18000 | Valid Loss: 0.05034
Epoch: 99 | Step 18000 | Mean PER: 0.08252814227219286 | Mean WER: 0.3331063829787234
Epoch: 99 | Step 18117 | Train Loss: 0.05413
Epoch: 100 | Step 18300 | Train Loss: 0.05440
Epoch: 101 | Step 18483 | Train Loss: 0.05788
Epoch: 102 | Step 18666 | Train Loss: 0.05654
Epoch: 103 | Step 18849 | Train Loss: 0.05431
Epoch: 104 | Step 19032 | Train Loss: 0.05142
Epoch: 105 | Step 19215 | Train Loss: 0.05540
Epoch: 106 | Step 19398 | Train Loss: 0.07245
Epoch: 107 | Step 19581 | Train Loss: 0.05157
Epoch: 108 | Step 19764 | Train Loss: 0.04428
Epoch: 109 | Step 19947 | Train Loss: 0.04574
Epoch: 110 | Step 20000 | Valid Loss: 0.05159
Epoch: 110 | Step 20000 | Mean PER: 0.0865822511115015 | Mean WER: 0.34485106382978725
Epoch: 110 | Step 20130 | Train Loss: 0.06508
Epoch: 111 | Step 20313 | Train Loss: 0.04874
Epoch: 112 | Step 20496 | Train Loss: 0.04223
Epoch: 113 | Step 20679 | Train Loss: 0.04468
Epoch: 114 | Step 20862 | Train Loss: 0.04430
Epoch: 115 | Step 21045 | Train Loss: 0.04408
Epoch: 116 | Step 21228 | Train Loss: 0.04472
Epoch: 117 | Step 21411 | Train Loss: 0.04295
Epoch: 118 | Step 21594 | Train Loss: 0.04552
Epoch: 119 | Step 21777 | Train Loss: 0.04365
Epoch: 120 | Step 21960 | Train Loss: 0.04142
Epoch: 121 | Step 22000 | Valid Loss: 0.03259
Epoch: 121 | Step 22000 | Mean PER: 0.08139299179718645 | Mean WER: 0.32570212765957446
Epoch: 121 | Step 22143 | Train Loss: 0.04273
Epoch: 122 | Step 22326 | Train Loss: 0.04378
Epoch: 123 | Step 22509 | Train Loss: 0.06644
Epoch: 124 | Step 22692 | Train Loss: 0.04326
Epoch: 125 | Step 22875 | Train Loss: 0.03549
Epoch: 126 | Step 23058 | Train Loss: 0.03615
Epoch: 127 | Step 23241 | Train Loss: 0.03745
Epoch: 128 | Step 23424 | Train Loss: 0.03651
Epoch: 129 | Step 23607 | Train Loss: 0.03943
Epoch: 130 | Step 23790 | Train Loss: 0.03670
Epoch: 131 | Step 23973 | Train Loss: 0.03963
Epoch: 132 | Step 24000 | Valid Loss: 0.03757
Epoch: 132 | Step 24000 | Mean PER: 0.08116325896295896 | Mean WER: 0.32468085106382977
Epoch: 132 | Step 24156 | Train Loss: 0.03874
Epoch: 133 | Step 24339 | Train Loss: 0.04287
Epoch: 134 | Step 24522 | Train Loss: 0.05356
Epoch: 135 | Step 24705 | Train Loss: 0.04160
Epoch: 136 | Step 24888 | Train Loss: 0.03292
Epoch: 137 | Step 25071 | Train Loss: 0.03361
Epoch: 138 | Step 25254 | Train Loss: 0.03219
Epoch: 139 | Step 25437 | Train Loss: 0.03343
Epoch: 140 | Step 25620 | Train Loss: 0.03544
Epoch: 141 | Step 25803 | Train Loss: 0.03395
Epoch: 142 | Step 25986 | Train Loss: 0.03633
Epoch: 143 | Step 26000 | Valid Loss: 0.03043
Epoch: 143 | Step 26000 | Mean PER: 0.08132542331653131 | Mean WER: 0.32170212765957445
Epoch: 143 | Step 26169 | Train Loss: 0.03190
Epoch: 144 | Step 26352 | Train Loss: 0.03567
Epoch: 145 | Step 26535 | Train Loss: 0.04467
Epoch: 146 | Step 26718 | Train Loss: 0.05691
Epoch: 147 | Step 26901 | Train Loss: 0.03457
Epoch: 148 | Step 27084 | Train Loss: 0.02801
Epoch: 149 | Step 27267 | Train Loss: 0.02987
Epoch: 150 | Step 27450 | Train Loss: 0.03092
Epoch: 151 | Step 27633 | Train Loss: 0.03216
Epoch: 152 | Step 27816 | Train Loss: 0.03446
Epoch: 153 | Step 27999 | Train Loss: 0.03155
Epoch: 154 | Step 28000 | Valid Loss: inf
Epoch: 154 | Step 28000 | Mean PER: 0.08156866984688982 | Mean WER: 0.32638297872340427
Epoch: 154 | Step 28182 | Train Loss: 0.03269
Epoch: 155 | Step 28365 | Train Loss: 0.03438
Epoch: 156 | Step 28548 | Train Loss: 0.03071
Epoch: 157 | Step 28731 | Train Loss: 0.02964
Epoch: 158 | Step 28914 | Train Loss: 0.03107
Epoch: 159 | Step 29097 | Train Loss: 0.03869
Epoch: 160 | Step 29280 | Train Loss: 0.03767
Epoch: 161 | Step 29463 | Train Loss: 0.03028
Epoch: 162 | Step 29646 | Train Loss: 0.02701
Epoch: 163 | Step 29829 | Train Loss: 0.02867
Epoch: 164 | Step 30000 | Valid Loss: 0.02876
Epoch: 164 | Step 30000 | Mean PER: 0.08028486871444208 | Mean WER: 0.31880851063829785
Epoch: 164 | Step 30012 | Train Loss: 0.02872
Epoch: 165 | Step 30195 | Train Loss: 0.02825
Epoch: 166 | Step 30378 | Train Loss: 0.03154
Epoch: 167 | Step 30561 | Train Loss: 0.02987
Epoch: 168 | Step 30744 | Train Loss: 0.02935
Epoch: 169 | Step 30927 | Train Loss: 0.03826
Epoch: 170 | Step 31110 | Train Loss: 0.05469
Epoch: 171 | Step 31293 | Train Loss: 0.02741
Epoch: 172 | Step 31476 | Train Loss: 0.02405
Epoch: 173 | Step 31659 | Train Loss: 0.02408
Epoch: 174 | Step 31842 | Train Loss: 0.02329
Epoch: 175 | Step 32000 | Valid Loss: 0.02976
Epoch: 175 | Step 32000 | Mean PER: 0.08087947134420735 | Mean WER: 0.32263829787234044
Epoch: 175 | Step 32025 | Train Loss: 0.03049
Epoch: 176 | Step 32208 | Train Loss: 0.02966
Epoch: 177 | Step 32391 | Train Loss: 0.02600
Epoch: 178 | Step 32574 | Train Loss: 0.02674
Epoch: 179 | Step 32757 | Train Loss: 0.02461
Epoch: 180 | Step 32940 | Train Loss: 0.02561
Epoch: 181 | Step 33123 | Train Loss: 0.02639
Epoch: 182 | Step 33306 | Train Loss: 0.03882
Epoch: 183 | Step 33489 | Train Loss: 0.03333
Epoch: 184 | Step 33672 | Train Loss: 0.03554
Epoch: 185 | Step 33855 | Train Loss: 0.02714
Epoch: 186 | Step 34000 | Valid Loss: 0.02920
Epoch: 186 | Step 34000 | Mean PER: 0.0807578480790281 | Mean WER: 0.31770212765957445
Epoch: 186 | Step 34038 | Train Loss: 0.02894
Epoch: 187 | Step 34221 | Train Loss: 0.02524
Epoch: 188 | Step 34404 | Train Loss: 0.02187
Epoch: 189 | Step 34587 | Train Loss: 0.02333
Epoch: 190 | Step 34770 | Train Loss: 0.02195
Epoch: 191 | Step 34953 | Train Loss: 0.03033
Epoch: 192 | Step 35136 | Train Loss: 0.02589
Epoch: 193 | Step 35319 | Train Loss: 0.02469
Epoch: 194 | Step 35502 | Train Loss: 0.03176
Epoch: 195 | Step 35685 | Train Loss: 0.02350
Epoch: 196 | Step 35868 | Train Loss: 0.03427
Epoch: 197 | Step 36000 | Valid Loss: 0.02829
Epoch: 197 | Step 36000 | Mean PER: 0.07885241692455304 | Mean WER: 0.3134468085106383
Epoch: 197 | Step 36051 | Train Loss: 0.02669
Epoch: 198 | Step 36234 | Train Loss: 0.02201
Epoch: 199 | Step 36417 | Train Loss: 0.02295
Epoch: 200 | Step 36600 | Train Loss: 0.02747
Epoch: 201 | Step 36783 | Train Loss: 0.02415
Epoch: 202 | Step 36966 | Train Loss: 0.02551
Epoch: 203 | Step 37149 | Train Loss: 0.03331
Epoch: 204 | Step 37332 | Train Loss: 0.02689
Epoch: 205 | Step 37515 | Train Loss: 0.02112
Epoch: 206 | Step 37698 | Train Loss: 0.01979
Epoch: 207 | Step 37881 | Train Loss: 0.02236
Epoch: 208 | Step 38000 | Valid Loss: 0.02065
Epoch: 208 | Step 38000 | Mean PER: 0.07939296476979418 | Mean WER: 0.31693617021276593
Epoch: 208 | Step 38064 | Train Loss: 0.02196
Epoch: 209 | Step 38247 | Train Loss: 0.02279
Epoch: 210 | Step 38430 | Train Loss: 0.02145
Epoch: 211 | Step 38613 | Train Loss: 0.03611
Epoch: 212 | Step 38796 | Train Loss: 0.03458
Epoch: 213 | Step 38979 | Train Loss: 0.02098
Epoch: 214 | Step 39162 | Train Loss: 0.02002
Epoch: 215 | Step 39345 | Train Loss: 0.02108
Epoch: 216 | Step 39528 | Train Loss: 0.01988
Epoch: 217 | Step 39711 | Train Loss: 0.01960
Epoch: 218 | Step 39894 | Train Loss: 0.02047
Epoch: 219 | Step 40000 | Valid Loss: 0.01801
Epoch: 219 | Step 40000 | Mean PER: 0.07956864281949756 | Mean WER: 0.31770212765957445
Epoch: 219 | Step 40077 | Train Loss: 0.01983
Epoch: 220 | Step 40260 | Train Loss: 0.02348
Epoch: 221 | Step 40443 | Train Loss: 0.02119
Epoch: 222 | Step 40626 | Train Loss: 0.02342
Epoch: 223 | Step 40809 | Train Loss: 0.02073
Epoch: 224 | Step 40992 | Train Loss: 0.02081
Epoch: 225 | Step 41175 | Train Loss: 0.01896
Epoch: 226 | Step 41358 | Train Loss: 0.03404
Epoch: 227 | Step 41541 | Train Loss: 0.04562
Epoch: 228 | Step 41724 | Train Loss: 0.02323
Epoch: 229 | Step 41907 | Train Loss: 0.02400
Epoch: 230 | Step 42000 | Valid Loss: 0.01814
Epoch: 230 | Step 42000 | Mean PER: 0.07801456776442925 | Mean WER: 0.3127659574468085
Epoch: 230 | Step 42090 | Train Loss: 0.01768
Epoch: 231 | Step 42273 | Train Loss: 0.01788
Epoch: 232 | Step 42456 | Train Loss: 0.01754
Epoch: 233 | Step 42639 | Train Loss: 0.01792
Epoch: 234 | Step 42822 | Train Loss: 0.01871
Epoch: 235 | Step 43005 | Train Loss: 0.01854
Epoch: 236 | Step 43188 | Train Loss: 0.02294
Epoch: 237 | Step 43371 | Train Loss: 0.02149
Epoch: 238 | Step 43554 | Train Loss: 0.02005
Epoch: 239 | Step 43737 | Train Loss: 0.02624
Epoch: 240 | Step 43920 | Train Loss: 0.02726
Epoch: 241 | Step 44000 | Valid Loss: 0.01985
Epoch: 241 | Step 44000 | Mean PER: 0.07829835538318085 | Mean WER: 0.30817021276595746
Epoch: 241 | Step 44103 | Train Loss: 0.01956
Epoch: 242 | Step 44286 | Train Loss: 0.01722
Epoch: 243 | Step 44469 | Train Loss: 0.01728
Epoch: 244 | Step 44652 | Train Loss: 0.01638
Epoch: 245 | Step 44835 | Train Loss: 0.01754
Epoch: 246 | Step 45018 | Train Loss: 0.02148
Epoch: 247 | Step 45201 | Train Loss: 0.02106
Epoch: 248 | Step 45384 | Train Loss: 0.01891
Epoch: 249 | Step 45567 | Train Loss: 0.01954
Epoch: 250 | Step 45750 | Train Loss: 0.01843
Epoch: 251 | Step 45933 | Train Loss: 0.03625
Epoch: 252 | Step 46000 | Valid Loss: 0.03130
Epoch: 252 | Step 46000 | Mean PER: 0.07939296476979418 | Mean WER: 0.31540425531914895
Epoch: 252 | Step 46116 | Train Loss: 0.03016
Epoch: 253 | Step 46299 | Train Loss: 0.03140
Epoch: 254 | Step 46482 | Train Loss: 0.01905
Epoch: 255 | Step 46665 | Train Loss: 0.01626
Epoch: 256 | Step 46848 | Train Loss: 0.01568
Epoch: 257 | Step 47031 | Train Loss: 0.01850
Epoch: 258 | Step 47214 | Train Loss: 0.02110
Epoch: 259 | Step 47397 | Train Loss: 0.02025
Epoch: 260 | Step 47580 | Train Loss: 0.02095
Epoch: 261 | Step 47763 | Train Loss: 0.01548
Epoch: 262 | Step 47946 | Train Loss: 0.01627
Epoch: 263 | Step 48000 | Valid Loss: 0.01817
Epoch: 263 | Step 48000 | Mean PER: 0.07793348558764307 | Mean WER: 0.31038297872340426
Epoch: 263 | Step 48129 | Train Loss: 0.01717
Epoch: 264 | Step 48312 | Train Loss: 0.01524
Epoch: 265 | Step 48495 | Train Loss: 0.01661
Epoch: 266 | Step 48678 | Train Loss: 0.01688
Epoch: 267 | Step 48861 | Train Loss: 0.01839
Epoch: 268 | Step 49044 | Train Loss: 0.01864
Epoch: 269 | Step 49227 | Train Loss: 0.02574
Epoch: 270 | Step 49410 | Train Loss: 0.01683
Epoch: 271 | Step 49593 | Train Loss: 0.01876
Epoch: 272 | Step 49776 | Train Loss: 0.01712
Epoch: 273 | Step 49959 | Train Loss: 0.01681
Epoch: 274 | Step 50000 | Valid Loss: 0.01699
Epoch: 274 | Step 50000 | Mean PER: 0.07819024581413263 | Mean WER: 0.3123404255319149
Epoch: 274 | Step 50142 | Train Loss: 0.01659
Epoch: 275 | Step 50325 | Train Loss: 0.01790
Epoch: 276 | Step 50508 | Train Loss: 0.03800
Epoch: 277 | Step 50691 | Train Loss: 0.02458
Epoch: 278 | Step 50874 | Train Loss: 0.01792
Epoch: 279 | Step 51057 | Train Loss: 0.01443
Epoch: 280 | Step 51240 | Train Loss: 0.01567
Epoch: 281 | Step 51423 | Train Loss: 0.01509
Epoch: 282 | Step 51606 | Train Loss: 0.01457
Epoch: 283 | Step 51789 | Train Loss: 0.02045
Epoch: 284 | Step 51972 | Train Loss: 0.01676
Epoch: 285 | Step 52000 | Valid Loss: 0.01448
Epoch: 285 | Step 52000 | Mean PER: 0.07781186232246382 | Mean WER: 0.308936170212766
Epoch: 285 | Step 52155 | Train Loss: 0.02446
Epoch: 286 | Step 52338 | Train Loss: 0.03325
Epoch: 287 | Step 52521 | Train Loss: 0.01606
Epoch: 288 | Step 52704 | Train Loss: 0.01315
Epoch: 289 | Step 52887 | Train Loss: 0.01546
Epoch: 290 | Step 53070 | Train Loss: 0.01718
Epoch: 291 | Step 53253 | Train Loss: 0.01608
Epoch: 292 | Step 53436 | Train Loss: 0.01414
Epoch: 293 | Step 53619 | Train Loss: 0.01423
Epoch: 294 | Step 53802 | Train Loss: 0.01454
Epoch: 295 | Step 53985 | Train Loss: 0.01543
Epoch: 296 | Step 54000 | Valid Loss: 0.009461
Epoch: 296 | Step 54000 | Mean PER: 0.07636589683644374 | Mean WER: 0.3066382978723404
Epoch: 296 | Step 54168 | Train Loss: 0.01396
Epoch: 297 | Step 54351 | Train Loss: 0.01681
Epoch: 298 | Step 54534 | Train Loss: 0.01733
Epoch: 299 | Step 54717 | Train Loss: 0.02878
Epoch: 300 | Step 54900 | Train Loss: 0.02328
Epoch: 301 | Step 55083 | Train Loss: 0.01744
Epoch: 302 | Step 55266 | Train Loss: 0.01415
Epoch: 303 | Step 55449 | Train Loss: 0.01458
Epoch: 304 | Step 55632 | Train Loss: 0.01491
Epoch: 305 | Step 55815 | Train Loss: 0.01445
Epoch: 306 | Step 55998 | Train Loss: 0.02261
Epoch: 307 | Step 56000 | Valid Loss: 0.05425
Epoch: 307 | Step 56000 | Mean PER: 0.08035243719509723 | Mean WER: 0.31948936170212766
Epoch: 307 | Step 56181 | Train Loss: 0.02207
Epoch: 308 | Step 56364 | Train Loss: 0.01392
Epoch: 309 | Step 56547 | Train Loss: 0.01440
Epoch: 310 | Step 56730 | Train Loss: 0.02644
Epoch: 311 | Step 56913 | Train Loss: 0.01676
Epoch: 312 | Step 57096 | Train Loss: 0.01363
Epoch: 313 | Step 57279 | Train Loss: 0.01303
Epoch: 314 | Step 57462 | Train Loss: 0.01378
Epoch: 315 | Step 57645 | Train Loss: 0.01340
Epoch: 316 | Step 57828 | Train Loss: 0.02334
Epoch: 317 | Step 58000 | Valid Loss: 0.03028
Epoch: 317 | Step 58000 | Mean PER: 0.07783888971472587 | Mean WER: 0.30927659574468086
Epoch: 317 | Step 58011 | Train Loss: 0.02949
Epoch: 318 | Step 58194 | Train Loss: 0.01533
Epoch: 319 | Step 58377 | Train Loss: 0.01559
Epoch: 320 | Step 58560 | Train Loss: 0.01271
Epoch: 321 | Step 58743 | Train Loss: 0.01236
Epoch: 322 | Step 58926 | Train Loss: 0.01590
Epoch: 323 | Step 59109 | Train Loss: 0.01349
Epoch: 324 | Step 59292 | Train Loss: 0.01353
Epoch: 325 | Step 59475 | Train Loss: 0.01510
Epoch: 326 | Step 59658 | Train Loss: 0.03357
Epoch: 327 | Step 59841 | Train Loss: 0.01548
Epoch: 328 | Step 60000 | Valid Loss: 0.01340
Epoch: 328 | Step 60000 | Mean PER: 0.07664968445519534 | Mean WER: 0.30629787234042555
Epoch: 328 | Step 60024 | Train Loss: 0.01376
Epoch: 329 | Step 60207 | Train Loss: 0.01672
Epoch: 330 | Step 60390 | Train Loss: 0.01306
Epoch: 331 | Step 60573 | Train Loss: 0.01927
Epoch: 332 | Step 60756 | Train Loss: 0.01327
Epoch: 333 | Step 60939 | Train Loss: 0.01292
Epoch: 334 | Step 61122 | Train Loss: 0.01232
Epoch: 335 | Step 61305 | Train Loss: 0.01376
Epoch: 336 | Step 61488 | Train Loss: 0.02038
Epoch: 337 | Step 61671 | Train Loss: 0.01329
Epoch: 338 | Step 61854 | Train Loss: 0.01330
Epoch: 339 | Step 62000 | Valid Loss: 0.01338
Epoch: 339 | Step 62000 | Mean PER: 0.07637941053257477 | Mean WER: 0.3061276595744681
Epoch: 339 | Step 62037 | Train Loss: 0.01338
Epoch: 340 | Step 62220 | Train Loss: 0.01362
Epoch: 341 | Step 62403 | Train Loss: 0.01381
Epoch: 342 | Step 62586 | Train Loss: 0.01271
Epoch: 343 | Step 62769 | Train Loss: 0.01901
Epoch: 344 | Step 62952 | Train Loss: 0.02875
Epoch: 345 | Step 63135 | Train Loss: 0.01728
Epoch: 346 | Step 63318 | Train Loss: 0.01385
Epoch: 347 | Step 63501 | Train Loss: 0.01220
Epoch: 348 | Step 63684 | Train Loss: 0.01383
Epoch: 349 | Step 63867 | Train Loss: 0.01245
Epoch: 350 | Step 64000 | Valid Loss: 0.01168
Epoch: 350 | Step 64000 | Mean PER: 0.07771726644954662 | Mean WER: 0.30825531914893617
Epoch: 350 | Step 64050 | Train Loss: 0.01170
Epoch: 351 | Step 64233 | Train Loss: 0.01093
Epoch: 352 | Step 64416 | Train Loss: 0.01228
Epoch: 353 | Step 64599 | Train Loss: 0.01249
Epoch: 354 | Step 64782 | Train Loss: 0.01333
Epoch: 355 | Step 64965 | Train Loss: 0.01200
Epoch: 356 | Step 65148 | Train Loss: 0.01590
Epoch: 357 | Step 65331 | Train Loss: 0.03877
Epoch: 358 | Step 65514 | Train Loss: 0.03030
Epoch: 359 | Step 65697 | Train Loss: 0.01258
Epoch: 360 | Step 65880 | Train Loss: 0.01113
Epoch: 361 | Step 66000 | Valid Loss: 0.01117
Epoch: 361 | Step 66000 | Mean PER: 0.07579832159894052 | Mean WER: 0.30451063829787234
Epoch: 361 | Step 66063 | Train Loss: 0.01099
Epoch: 362 | Step 66246 | Train Loss: 0.01155
Epoch: 363 | Step 66429 | Train Loss: 0.01265
Epoch: 364 | Step 66612 | Train Loss: 0.01106
Epoch: 365 | Step 66795 | Train Loss: 0.01474
Epoch: 366 | Step 66978 | Train Loss: 0.01404
Epoch: 367 | Step 67161 | Train Loss: 0.01307
Epoch: 368 | Step 67344 | Train Loss: 0.01145
Epoch: 369 | Step 67527 | Train Loss: 0.01244
Epoch: 370 | Step 67710 | Train Loss: 0.01342
Epoch: 371 | Step 67893 | Train Loss: 0.01252
Epoch: 372 | Step 68000 | Valid Loss: 0.01461
Epoch: 372 | Step 68000 | Mean PER: 0.07678482141650562 | Mean WER: 0.3079148936170213
Epoch: 372 | Step 68076 | Train Loss: 0.01601
Epoch: 373 | Step 68259 | Train Loss: 0.01426
Epoch: 374 | Step 68442 | Train Loss: 0.01118
Epoch: 375 | Step 68625 | Train Loss: 0.03299
Epoch: 376 | Step 68808 | Train Loss: 0.01513
Epoch: 377 | Step 68991 | Train Loss: 0.01096
Epoch: 378 | Step 69174 | Train Loss: 0.01259
Epoch: 379 | Step 69357 | Train Loss: 0.01087
Epoch: 380 | Step 69540 | Train Loss: 0.01078
Epoch: 381 | Step 69723 | Train Loss: 0.01643
Epoch: 382 | Step 69906 | Train Loss: 0.01657
Epoch: 383 | Step 70000 | Valid Loss: 0.01448
Epoch: 383 | Step 70000 | Mean PER: 0.07612265030608521 | Mean WER: 0.30314893617021277
Epoch: 383 | Step 70089 | Train Loss: 0.01328
Epoch: 384 | Step 70272 | Train Loss: 0.01065
Epoch: 385 | Step 70455 | Train Loss: 0.01203
Epoch: 386 | Step 70638 | Train Loss: 0.01062
Epoch: 387 | Step 70821 | Train Loss: 0.01092
Epoch: 388 | Step 71004 | Train Loss: 0.01176
Epoch: 389 | Step 71187 | Train Loss: 0.01217
Epoch: 390 | Step 71370 | Train Loss: 0.01044
Epoch: 391 | Step 71553 | Train Loss: 0.01109
Epoch: 392 | Step 71736 | Train Loss: 0.01127
Epoch: 393 | Step 71919 | Train Loss: 0.01999
Epoch: 394 | Step 72000 | Valid Loss: 0.04204
Epoch: 394 | Step 72000 | Mean PER: 0.07850106082514628 | Mean WER: 0.3139574468085106
Epoch: 394 | Step 72102 | Train Loss: 0.03107
Epoch: 395 | Step 72285 | Train Loss: 0.01256
Epoch: 396 | Step 72468 | Train Loss: 0.009976
Epoch: 397 | Step 72651 | Train Loss: 0.01012
Epoch: 398 | Step 72834 | Train Loss: 0.01068
Epoch: 399 | Step 73017 | Train Loss: 0.01302
Epoch: 400 | Step 73200 | Train Loss: 0.01123
Epoch: 401 | Step 73383 | Train Loss: 0.01030
Epoch: 402 | Step 73566 | Train Loss: 0.01113
Epoch: 403 | Step 73749 | Train Loss: 0.01134
Epoch: 404 | Step 73932 | Train Loss: 0.01445
Epoch: 405 | Step 74000 | Valid Loss: 0.02227
Epoch: 405 | Step 74000 | Mean PER: 0.07610913660995419 | Mean WER: 0.30331914893617024
Epoch: 405 | Step 74115 | Train Loss: 0.01978
Epoch: 406 | Step 74298 | Train Loss: 0.02867
Epoch: 407 | Step 74481 | Train Loss: 0.01218
Epoch: 408 | Step 74664 | Train Loss: 0.01673
Epoch: 409 | Step 74847 | Train Loss: 0.01072
Epoch: 410 | Step 75030 | Train Loss: 0.01239
Epoch: 411 | Step 75213 | Train Loss: 0.009711
Epoch: 412 | Step 75396 | Train Loss: 0.009833
Epoch: 413 | Step 75579 | Train Loss: 0.01028
Epoch: 414 | Step 75762 | Train Loss: 0.01040
Epoch: 415 | Step 75945 | Train Loss: 0.01057
Epoch: 416 | Step 76000 | Valid Loss: 0.01116
Epoch: 416 | Step 76000 | Mean PER: 0.07846051973675319 | Mean WER: 0.3137872340425532
Epoch: 416 | Step 76128 | Train Loss: 0.02264
Epoch: 417 | Step 76311 | Train Loss: 0.01297
Epoch: 418 | Step 76494 | Train Loss: 0.009719
Epoch: 419 | Step 76677 | Train Loss: 0.01001
Epoch: 420 | Step 76860 | Train Loss: 0.01051
Epoch: 421 | Step 77043 | Train Loss: 0.01013
Epoch: 422 | Step 77226 | Train Loss: 0.009640
Epoch: 423 | Step 77409 | Train Loss: 0.01039
Epoch: 424 | Step 77592 | Train Loss: 0.01391
Epoch: 425 | Step 77775 | Train Loss: 0.01840
Epoch: 426 | Step 77958 | Train Loss: 0.01052
Epoch: 427 | Step 78000 | Valid Loss: 0.009200
Epoch: 427 | Step 78000 | Mean PER: 0.07574426681441641 | Mean WER: 0.304936170212766
Epoch: 427 | Step 78141 | Train Loss: 0.01035
Epoch: 428 | Step 78324 | Train Loss: 0.02063
Epoch: 429 | Step 78507 | Train Loss: 0.01504
Epoch: 430 | Step 78690 | Train Loss: 0.01057
Epoch: 431 | Step 78873 | Train Loss: 0.008723
Epoch: 432 | Step 79056 | Train Loss: 0.009261
Epoch: 433 | Step 79239 | Train Loss: 0.009903
Epoch: 434 | Step 79422 | Train Loss: 0.01099
Epoch: 435 | Step 79605 | Train Loss: 0.01395
Epoch: 436 | Step 79788 | Train Loss: 0.02201
Epoch: 437 | Step 79971 | Train Loss: 0.01097
Epoch: 438 | Step 80000 | Valid Loss: 0.008866
Epoch: 438 | Step 80000 | Mean PER: 0.07467668482006513 | Mean WER: 0.29940425531914894
Epoch: 438 | Step 80154 | Train Loss: 0.008826
Epoch: 439 | Step 80337 | Train Loss: 0.01223
Epoch: 440 | Step 80520 | Train Loss: 0.01130
Epoch: 441 | Step 80703 | Train Loss: 0.01182
Epoch: 442 | Step 80886 | Train Loss: 0.01004
Epoch: 443 | Step 81069 | Train Loss: 0.01013
Epoch: 444 | Step 81252 | Train Loss: 0.008637
Epoch: 445 | Step 81435 | Train Loss: 0.01087
Epoch: 446 | Step 81618 | Train Loss: 0.03354
Epoch: 447 | Step 81801 | Train Loss: 0.01305
Epoch: 448 | Step 81984 | Train Loss: 0.01567
Epoch: 449 | Step 82000 | Valid Loss: 0.01346
Epoch: 449 | Step 82000 | Mean PER: 0.07610913660995419 | Mean WER: 0.30331914893617024
Epoch: 449 | Step 82167 | Train Loss: 0.01025
Epoch: 450 | Step 82350 | Train Loss: 0.008881
Epoch: 451 | Step 82533 | Train Loss: 0.008352
Epoch: 452 | Step 82716 | Train Loss: 0.008489
Epoch: 453 | Step 82899 | Train Loss: 0.01546
Epoch: 454 | Step 83082 | Train Loss: 0.01054
Epoch: 455 | Step 83265 | Train Loss: 0.009489
Epoch: 456 | Step 83448 | Train Loss: 0.008946
Epoch: 457 | Step 83631 | Train Loss: 0.01059
Epoch: 458 | Step 83814 | Train Loss: 0.009900
Epoch: 459 | Step 83997 | Train Loss: 0.01020
Epoch: 460 | Step 84000 | Valid Loss: 0.01073
Epoch: 460 | Step 84000 | Mean PER: 0.07637941053257477 | Mean WER: 0.30629787234042555
Epoch: 460 | Step 84180 | Train Loss: 0.03031
Epoch: 461 | Step 84363 | Train Loss: 0.01470
Epoch: 462 | Step 84546 | Train Loss: 0.009266
Epoch: 463 | Step 84729 | Train Loss: 0.007960
Epoch: 464 | Step 84912 | Train Loss: 0.008512
Epoch: 465 | Step 85095 | Train Loss: 0.008922
Epoch: 466 | Step 85278 | Train Loss: 0.009127
Epoch: 467 | Step 85461 | Train Loss: 0.009138
Epoch: 468 | Step 85644 | Train Loss: 0.009989
Epoch: 469 | Step 85827 | Train Loss: 0.01997
Epoch: 470 | Step 86000 | Valid Loss: 0.01152
Epoch: 470 | Step 86000 | Mean PER: 0.07554156137245098 | Mean WER: 0.30161702127659573
Epoch: 470 | Step 86010 | Train Loss: 0.01138
Epoch: 471 | Step 86193 | Train Loss: 0.008729
Epoch: 472 | Step 86376 | Train Loss: 0.02003
Epoch: 473 | Step 86559 | Train Loss: 0.01502
Epoch: 474 | Step 86742 | Train Loss: 0.009462
Epoch: 475 | Step 86925 | Train Loss: 0.01008
Epoch: 476 | Step 87108 | Train Loss: 0.01356
Epoch: 477 | Step 87291 | Train Loss: 0.01121
Epoch: 478 | Step 87474 | Train Loss: 0.008597
Epoch: 479 | Step 87657 | Train Loss: 0.008866
Epoch: 480 | Step 87840 | Train Loss: 0.009334
Epoch: 481 | Step 88000 | Valid Loss: 0.009771
Epoch: 481 | Step 88000 | Mean PER: 0.07632535574805065 | Mean WER: 0.30459574468085104
Epoch: 481 | Step 88023 | Train Loss: 0.009778
Epoch: 482 | Step 88206 | Train Loss: 0.008791
Epoch: 483 | Step 88389 | Train Loss: 0.009067
Epoch: 484 | Step 88572 | Train Loss: 0.008316
Epoch: 485 | Step 88755 | Train Loss: 0.02303
Epoch: 486 | Step 88938 | Train Loss: 0.01343
Epoch: 487 | Step 89121 | Train Loss: 0.009264
Epoch: 488 | Step 89304 | Train Loss: 0.01147
Epoch: 489 | Step 89487 | Train Loss: 0.01014
Epoch: 490 | Step 89670 | Train Loss: 0.01110
Epoch: 491 | Step 89853 | Train Loss: 0.01531
Epoch: 492 | Step 90000 | Valid Loss: 0.01501
Epoch: 492 | Step 90000 | Mean PER: 0.07556858876471303 | Mean WER: 0.3007659574468085
Epoch: 492 | Step 90036 | Train Loss: 0.01424
Epoch: 493 | Step 90219 | Train Loss: 0.008880
Epoch: 494 | Step 90402 | Train Loss: 0.008144
Epoch: 495 | Step 90585 | Train Loss: 0.008553
Epoch: 496 | Step 90768 | Train Loss: 0.008948
Epoch: 497 | Step 90951 | Train Loss: 0.007678
Epoch: 498 | Step 91134 | Train Loss: 0.008037
Epoch: 499 | Step 91317 | Train Loss: 0.008702
Epoch: 500 | Step 91500 | Train Loss: 0.009515
Epoch: 501 | Step 91683 | Train Loss: 0.009210
Epoch: 502 | Step 91866 | Train Loss: 0.008615
Epoch: 503 | Step 92000 | Valid Loss: 0.009923
Epoch: 503 | Step 92000 | Mean PER: 0.07551453398018892 | Mean WER: 0.30017021276595746
Epoch: 503 | Step 92049 | Train Loss: 0.009437
Epoch: 504 | Step 92232 | Train Loss: 0.005517
Epoch: 505 | Step 92415 | Train Loss: 0.003781
Epoch: 506 | Step 92598 | Train Loss: 0.003476
Epoch: 507 | Step 92781 | Train Loss: 0.003808
Epoch: 508 | Step 92964 | Train Loss: 0.005183
Epoch: 509 | Step 93147 | Train Loss: 0.003527
Epoch: 510 | Step 93330 | Train Loss: 0.004116
Epoch: 511 | Step 93513 | Train Loss: 0.005094
Epoch: 512 | Step 93696 | Train Loss: 0.003280
Epoch: 513 | Step 93879 | Train Loss: 0.003373
Epoch: 514 | Step 94000 | Valid Loss: 0.003254
Epoch: 514 | Step 94000 | Mean PER: 0.07374423978702414 | Mean WER: 0.2934468085106383
Epoch: 514 | Step 94062 | Train Loss: 0.003588
Epoch: 515 | Step 94245 | Train Loss: 0.003693
Epoch: 516 | Step 94428 | Train Loss: 0.003256
Epoch: 517 | Step 94611 | Train Loss: 0.004891
Epoch: 518 | Step 94794 | Train Loss: 0.004625
Epoch: 519 | Step 94977 | Train Loss: 0.003199
Epoch: 520 | Step 95160 | Train Loss: 0.003581
Epoch: 521 | Step 95343 | Train Loss: 0.003799
Epoch: 522 | Step 95526 | Train Loss: 0.003542
Epoch: 523 | Step 95709 | Train Loss: 0.003450
Epoch: 524 | Step 95892 | Train Loss: 0.005798
Epoch: 525 | Step 96000 | Valid Loss: 0.004424
Epoch: 525 | Step 96000 | Mean PER: 0.07381180826767929 | Mean WER: 0.29412765957446807
Epoch: 525 | Step 96075 | Train Loss: 0.004235
Epoch: 526 | Step 96258 | Train Loss: 0.003143
Epoch: 527 | Step 96441 | Train Loss: 0.003389
Epoch: 528 | Step 96624 | Train Loss: 0.002903
Epoch: 529 | Step 96807 | Train Loss: 0.003138
Epoch: 530 | Step 96990 | Train Loss: 0.004194
Epoch: 531 | Step 97173 | Train Loss: 0.004867
Epoch: 532 | Step 97356 | Train Loss: 0.005154
Epoch: 533 | Step 97539 | Train Loss: 0.004152
Epoch: 534 | Step 97722 | Train Loss: 0.003430
Epoch: 535 | Step 97905 | Train Loss: 0.003315
Epoch: 536 | Step 98000 | Valid Loss: 0.003089
Epoch: 536 | Step 98000 | Mean PER: 0.07383883565994136 | Mean WER: 0.29506382978723406
Epoch: 536 | Step 98088 | Train Loss: 0.003156
Epoch: 537 | Step 98271 | Train Loss: 0.003104
Epoch: 538 | Step 98454 | Train Loss: 0.004358
Epoch: 539 | Step 98637 | Train Loss: 0.004198
Epoch: 540 | Step 98820 | Train Loss: 0.003757
Epoch: 541 | Step 99003 | Train Loss: 0.003331
Epoch: 542 | Step 99186 | Train Loss: 0.003089
Epoch: 543 | Step 99369 | Train Loss: 0.002842
Epoch: 544 | Step 99552 | Train Loss: 0.003185
Epoch: 545 | Step 99735 | Train Loss: 0.006829
Epoch: 546 | Step 99918 | Train Loss: 0.004049
Epoch: 547 | Step 100000 | Valid Loss: 0.003466
Epoch: 547 | Step 100000 | Mean PER: 0.07425776024000325 | Mean WER: 0.2963404255319149
Epoch: 547 | Step 100101 | Train Loss: 0.003293
Epoch: 548 | Step 100284 | Train Loss: 0.002924
Epoch: 549 | Step 100467 | Train Loss: 0.002846
Epoch: 550 | Step 100650 | Train Loss: 0.002919
Epoch: 551 | Step 100833 | Train Loss: 0.002970
Epoch: 552 | Step 101016 | Train Loss: 0.002769
Epoch: 553 | Step 101199 | Train Loss: 0.003684
Epoch: 554 | Step 101382 | Train Loss: 0.003554
Epoch: 555 | Step 101565 | Train Loss: 0.003234
Epoch: 556 | Step 101748 | Train Loss: 0.003167
Epoch: 557 | Step 101931 | Train Loss: 0.004054
Epoch: 558 | Step 102000 | Valid Loss: 0.003070
Epoch: 558 | Step 102000 | Mean PER: 0.0742847876322653 | Mean WER: 0.29651063829787233
Epoch: 558 | Step 102114 | Train Loss: 0.003173
Epoch: 559 | Step 102297 | Train Loss: 0.003273
Epoch: 560 | Step 102480 | Train Loss: 0.003253
Epoch: 561 | Step 102663 | Train Loss: 0.003361
Epoch: 562 | Step 102846 | Train Loss: 0.005711
Epoch: 563 | Step 103029 | Train Loss: 0.003635
Epoch: 564 | Step 103212 | Train Loss: 0.002775
Epoch: 565 | Step 103395 | Train Loss: 0.003184
Epoch: 566 | Step 103578 | Train Loss: 0.002786
Epoch: 567 | Step 103761 | Train Loss: 0.002719
Epoch: 568 | Step 103944 | Train Loss: 0.002990
Epoch: 569 | Step 104000 | Valid Loss: 0.002796
Epoch: 569 | Step 104000 | Mean PER: 0.07386586305220341 | Mean WER: 0.294468085106383
Epoch: 569 | Step 104127 | Train Loss: 0.002958
Epoch: 570 | Step 104310 | Train Loss: 0.003567
Epoch: 571 | Step 104493 | Train Loss: 0.007763
Epoch: 572 | Step 104676 | Train Loss: 0.003737
Epoch: 573 | Step 104859 | Train Loss: 0.002980
Epoch: 574 | Step 105042 | Train Loss: 0.002728
Epoch: 575 | Step 105225 | Train Loss: 0.002672
Epoch: 576 | Step 105408 | Train Loss: 0.002769
Epoch: 577 | Step 105591 | Train Loss: 0.002795
Epoch: 578 | Step 105774 | Train Loss: 0.002687
Epoch: 579 | Step 105957 | Train Loss: 0.002941
Epoch: 580 | Step 106000 | Valid Loss: 0.002421
Epoch: 580 | Step 106000 | Mean PER: 0.07391991783672752 | Mean WER: 0.29514893617021276
Epoch: 580 | Step 106140 | Train Loss: 0.002399
Epoch: 581 | Step 106323 | Train Loss: 0.001757
Epoch: 582 | Step 106506 | Train Loss: 0.001692
Epoch: 583 | Step 106689 | Train Loss: 0.001642
Epoch: 584 | Step 106872 | Train Loss: 0.001427
Epoch: 585 | Step 107055 | Train Loss: 0.001412
Epoch: 586 | Step 107238 | Train Loss: 0.001398
Epoch: 587 | Step 107421 | Train Loss: 0.001286
Epoch: 588 | Step 107604 | Train Loss: 0.001342
Epoch: 589 | Step 107787 | Train Loss: 0.001330
Epoch: 590 | Step 107970 | Train Loss: 0.001217
Epoch: 591 | Step 108000 | Valid Loss: 0.001407
Epoch: 591 | Step 108000 | Mean PER: 0.07251449343910053 | Mean WER: 0.2896170212765957
Epoch: 591 | Step 108153 | Train Loss: 0.001336
Epoch: 592 | Step 108336 | Train Loss: 0.001527
Epoch: 593 | Step 108519 | Train Loss: 0.001557
Epoch: 594 | Step 108702 | Train Loss: 0.001510
Epoch: 595 | Step 108885 | Train Loss: 0.001473
Epoch: 596 | Step 109068 | Train Loss: 0.001959
Epoch: 597 | Step 109251 | Train Loss: 0.001547
Epoch: 598 | Step 109434 | Train Loss: 0.001403
Epoch: 599 | Step 109617 | Train Loss: 0.001426
Epoch: 600 | Step 109800 | Train Loss: 0.001452
Epoch: 601 | Step 109983 | Train Loss: 0.001510
Epoch: 602 | Step 110000 | Valid Loss: 0.001818
Epoch: 602 | Step 110000 | Mean PER: 0.0740955958864309 | Mean WER: 0.2934468085106383
Epoch: 602 | Step 110166 | Train Loss: 0.001768
Epoch: 603 | Step 110349 | Train Loss: 0.001550
Epoch: 604 | Step 110532 | Train Loss: 0.001411
Epoch: 605 | Step 110715 | Train Loss: 0.001380
Epoch: 606 | Step 110898 | Train Loss: 0.001267
Epoch: 607 | Step 111081 | Train Loss: 0.001241
Epoch: 608 | Step 111264 | Train Loss: 0.001308
Epoch: 609 | Step 111447 | Train Loss: 0.001220
Epoch: 610 | Step 111630 | Train Loss: 0.001275
Epoch: 611 | Step 111813 | Train Loss: 0.001253
Epoch: 612 | Step 111996 | Train Loss: 0.001219
Epoch: 613 | Step 112000 | Valid Loss: 0.001197
Epoch: 613 | Step 112000 | Mean PER: 0.07371721239476209 | Mean WER: 0.2926808510638298
Epoch: 613 | Step 112179 | Train Loss: 0.001234
Epoch: 614 | Step 112362 | Train Loss: 0.001302
Epoch: 615 | Step 112545 | Train Loss: 0.001419
Epoch: 616 | Step 112728 | Train Loss: 0.001227
Epoch: 617 | Step 112911 | Train Loss: 0.001186
Epoch: 618 | Step 113094 | Train Loss: 0.001337
Epoch: 619 | Step 113277 | Train Loss: 0.001596
Epoch: 620 | Step 113460 | Train Loss: 0.001893
Epoch: 621 | Step 113643 | Train Loss: 0.001830
Epoch: 622 | Step 113826 | Train Loss: 0.001530
Epoch: 623 | Step 114000 | Valid Loss: 0.001310
Epoch: 623 | Step 114000 | Mean PER: 0.07396045892512061 | Mean WER: 0.2938723404255319
Epoch: 623 | Step 114009 | Train Loss: 0.001310
Epoch: 624 | Step 114192 | Train Loss: 0.001341
Epoch: 625 | Step 114375 | Train Loss: 0.001147
Epoch: 626 | Step 114558 | Train Loss: 0.001279
Epoch: 627 | Step 114741 | Train Loss: 0.001220
Epoch: 628 | Step 114924 | Train Loss: 0.001287
Epoch: 629 | Step 115107 | Train Loss: 0.001298
Epoch: 630 | Step 115290 | Train Loss: 0.001274
Epoch: 631 | Step 115473 | Train Loss: 0.001346
Epoch: 632 | Step 115656 | Train Loss: 0.001553
Epoch: 633 | Step 115839 | Train Loss: 0.001360
Epoch: 634 | Step 116000 | Valid Loss: 0.001166
Epoch: 634 | Step 116000 | Mean PER: 0.07294693171529346 | Mean WER: 0.2898723404255319
Epoch: 634 | Step 116022 | Train Loss: 0.001170
Epoch: 635 | Step 116205 | Train Loss: 0.001160
Epoch: 636 | Step 116388 | Train Loss: 0.001342
Epoch: 637 | Step 116571 | Train Loss: 0.001352
Epoch: 638 | Step 116754 | Train Loss: 0.001228
Epoch: 639 | Step 116937 | Train Loss: 0.001193
Epoch: 640 | Step 117120 | Train Loss: 0.001357
Epoch: 641 | Step 117303 | Train Loss: 0.001307
Epoch: 642 | Step 117486 | Train Loss: 0.001083
Epoch: 643 | Step 117669 | Train Loss: 0.001477
Epoch: 644 | Step 117852 | Train Loss: 0.001416
Epoch: 645 | Step 118000 | Valid Loss: 0.001291
Epoch: 645 | Step 118000 | Mean PER: 0.07352802064892769 | Mean WER: 0.2926808510638298
Epoch: 645 | Step 118035 | Train Loss: 0.001282
Epoch: 646 | Step 118218 | Train Loss: 0.001389
Epoch: 647 | Step 118401 | Train Loss: 0.001990
Epoch: 648 | Step 118584 | Train Loss: 0.001815
Epoch: 649 | Step 118767 | Train Loss: 0.001186
Epoch: 650 | Step 118950 | Train Loss: 0.001190
Epoch: 651 | Step 119133 | Train Loss: 0.001193
Epoch: 652 | Step 119316 | Train Loss: 0.001110
Epoch: 653 | Step 119499 | Train Loss: 0.001170
Epoch: 654 | Step 119682 | Train Loss: 0.0009688
Epoch: 655 | Step 119865 | Train Loss: 0.001188
Epoch: 656 | Step 120000 | Valid Loss: 0.001331
Epoch: 656 | Step 120000 | Mean PER: 0.07336585629535534 | Mean WER: 0.292
Epoch: 656 | Step 120048 | Train Loss: 0.001245
Epoch: 657 | Step 120231 | Train Loss: 0.0009669
Epoch: 658 | Step 120414 | Train Loss: 0.0009735
Epoch: 659 | Step 120597 | Train Loss: 0.0008131
Epoch: 660 | Step 120780 | Train Loss: 0.0009113
Epoch: 661 | Step 120963 | Train Loss: 0.0007429
Epoch: 662 | Step 121146 | Train Loss: 0.0007037
Epoch: 663 | Step 121329 | Train Loss: 0.0007716
Epoch: 664 | Step 121512 | Train Loss: 0.0006034
Epoch: 665 | Step 121695 | Train Loss: 0.0007281
Epoch: 666 | Step 121878 | Train Loss: 0.0008291
Epoch: 667 | Step 122000 | Valid Loss: 0.0006433
Epoch: 667 | Step 122000 | Mean PER: 0.07282530845011419 | Mean WER: 0.2896170212765957
Epoch: 667 | Step 122061 | Train Loss: 0.0006571
Epoch: 668 | Step 122244 | Train Loss: 0.0006757
Epoch: 669 | Step 122427 | Train Loss: 0.0006503
Epoch: 670 | Step 122610 | Train Loss: 0.0007201
Epoch: 671 | Step 122793 | Train Loss: 0.0005787
Epoch: 672 | Step 122976 | Train Loss: 0.0006719
Epoch: 673 | Step 123159 | Train Loss: 0.0006793
Epoch: 674 | Step 123342 | Train Loss: 0.0006263
Epoch: 675 | Step 123525 | Train Loss: 0.0006139
Epoch: 676 | Step 123708 | Train Loss: 0.0006612
Epoch: 677 | Step 123891 | Train Loss: 0.0006269
Epoch: 678 | Step 124000 | Valid Loss: 0.0006511
Epoch: 678 | Step 124000 | Mean PER: 0.07258206191975568 | Mean WER: 0.2886808510638298
Epoch: 678 | Step 124074 | Train Loss: 0.0005679
Epoch: 679 | Step 124257 | Train Loss: 0.0005457
Epoch: 680 | Step 124440 | Train Loss: 0.0007283
Epoch: 681 | Step 124623 | Train Loss: 0.0007760
Epoch: 682 | Step 124806 | Train Loss: 0.0006958
Epoch: 683 | Step 124989 | Train Loss: 0.0006580
Epoch: 684 | Step 125172 | Train Loss: 0.0006626
Epoch: 685 | Step 125355 | Train Loss: 0.0006463
Epoch: 686 | Step 125538 | Train Loss: 0.0006772
Epoch: 687 | Step 125721 | Train Loss: 0.0006025
Epoch: 688 | Step 125904 | Train Loss: 0.0009599
Epoch: 689 | Step 126000 | Valid Loss: 0.0007570
Epoch: 689 | Step 126000 | Mean PER: 0.07229827430100406 | Mean WER: 0.2874042553191489
Epoch: 689 | Step 126087 | Train Loss: 0.0008071
Epoch: 690 | Step 126270 | Train Loss: 0.0007812
Epoch: 691 | Step 126453 | Train Loss: 0.0006603
Epoch: 692 | Step 126636 | Train Loss: 0.0006151
Epoch: 693 | Step 126819 | Train Loss: 0.0006404
Epoch: 694 | Step 127002 | Train Loss: 0.0005270
Epoch: 695 | Step 127185 | Train Loss: 0.0005926
Epoch: 696 | Step 127368 | Train Loss: 0.0005782
Epoch: 697 | Step 127551 | Train Loss: 0.0005795
Epoch: 698 | Step 127734 | Train Loss: 0.0006386
Epoch: 699 | Step 127917 | Train Loss: 0.0005678
Epoch: 700 | Step 128000 | Valid Loss: 0.0006644
Epoch: 700 | Step 128000 | Mean PER: 0.07256854822362464 | Mean WER: 0.28885106382978726
Epoch: 700 | Step 128100 | Train Loss: 0.0006284
Epoch: 701 | Step 128283 | Train Loss: 0.0005812
Epoch: 702 | Step 128466 | Train Loss: 0.0006336
Epoch: 703 | Step 128649 | Train Loss: 0.0005563
Epoch: 704 | Step 128832 | Train Loss: 0.0006054
Epoch: 705 | Step 129015 | Train Loss: 0.0005670
Epoch: 706 | Step 129198 | Train Loss: 0.0006623
Epoch: 707 | Step 129381 | Train Loss: 0.0005964
Epoch: 708 | Step 129564 | Train Loss: 0.0005523
Epoch: 709 | Step 129747 | Train Loss: 0.0006209
Epoch: 710 | Step 129930 | Train Loss: 0.0005094
Epoch: 711 | Step 130000 | Valid Loss: 0.0005090
Epoch: 711 | Step 130000 | Mean PER: 0.07248746604683846 | Mean WER: 0.28672340425531917
Epoch: 711 | Step 130113 | Train Loss: 0.0005313
Epoch: 712 | Step 130296 | Train Loss: 0.0005605
Epoch: 713 | Step 130479 | Train Loss: 0.0005504
Epoch: 714 | Step 130662 | Train Loss: 0.0005369
Epoch: 715 | Step 130845 | Train Loss: 0.0004896
Epoch: 716 | Step 131028 | Train Loss: 0.0005438
Epoch: 717 | Step 131211 | Train Loss: 0.0005776
Epoch: 718 | Step 131394 | Train Loss: 0.0005646
Epoch: 719 | Step 131577 | Train Loss: 0.0004567
Epoch: 720 | Step 131760 | Train Loss: 0.0004906
Epoch: 721 | Step 131943 | Train Loss: 0.0004813
Epoch: 722 | Step 132000 | Valid Loss: 0.0005465
Epoch: 722 | Step 132000 | Mean PER: 0.07233881538939715 | Mean WER: 0.2862127659574468
Epoch: 722 | Step 132126 | Train Loss: 0.0005171
Epoch: 723 | Step 132309 | Train Loss: 0.0005206
Epoch: 724 | Step 132492 | Train Loss: 0.0006078
Epoch: 725 | Step 132675 | Train Loss: 0.0006586
Epoch: 726 | Step 132858 | Train Loss: 0.0005961
Epoch: 727 | Step 133041 | Train Loss: 0.0006389
Epoch: 728 | Step 133224 | Train Loss: 0.0005339
Epoch: 729 | Step 133407 | Train Loss: 0.0005092
Epoch: 730 | Step 133590 | Train Loss: 0.0005639
Epoch: 731 | Step 133773 | Train Loss: 0.0007652
Epoch: 732 | Step 133956 | Train Loss: 0.0006136
Epoch: 733 | Step 134000 | Valid Loss: 0.0005702
Epoch: 733 | Step 134000 | Mean PER: 0.07277125366559008 | Mean WER: 0.2872340425531915
Epoch: 733 | Step 134139 | Train Loss: 0.0005642
Epoch: 734 | Step 134322 | Train Loss: 0.0005258
Epoch: 735 | Step 134505 | Train Loss: 0.0005651
Epoch: 736 | Step 134688 | Train Loss: 0.0005540
Epoch: 737 | Step 134871 | Train Loss: 0.0005514
Epoch: 738 | Step 135054 | Train Loss: 0.0005359
Epoch: 739 | Step 135237 | Train Loss: 0.0005406
Epoch: 740 | Step 135420 | Train Loss: 0.0005384
Epoch: 741 | Step 135603 | Train Loss: 0.0005693
Epoch: 742 | Step 135786 | Train Loss: 0.0005933
Epoch: 743 | Step 135969 | Train Loss: 0.0006697
Epoch: 744 | Step 136000 | Valid Loss: 0.0005087
Epoch: 744 | Step 136000 | Mean PER: 0.07248746604683846 | Mean WER: 0.2868936170212766
Epoch: 744 | Step 136152 | Train Loss: 0.0006556
Epoch: 745 | Step 136335 | Train Loss: 0.0005785
Epoch: 746 | Step 136518 | Train Loss: 0.0005863
Epoch: 747 | Step 136701 | Train Loss: 0.0005030
Epoch: 748 | Step 136884 | Train Loss: 0.0005695
Epoch: 749 | Step 137067 | Train Loss: 0.0005039
Epoch: 750 | Step 137250 | Train Loss: 0.0005036
Epoch: 751 | Step 137433 | Train Loss: 0.0005762
Epoch: 752 | Step 137616 | Train Loss: 0.0005006
Epoch: 753 | Step 137799 | Train Loss: 0.0005194
Epoch: 754 | Step 137982 | Train Loss: 0.0005082
Epoch: 755 | Step 138000 | Valid Loss: 0.0009715
Epoch: 755 | Step 138000 | Mean PER: 0.07232530169326612 | Mean WER: 0.286468085106383
Epoch: 755 | Step 138165 | Train Loss: 0.0004573
Epoch: 756 | Step 138348 | Train Loss: 0.0004945
Epoch: 757 | Step 138531 | Train Loss: 0.0004281
Epoch: 758 | Step 138714 | Train Loss: 0.0004405
Epoch: 759 | Step 138897 | Train Loss: 0.0004201
Epoch: 760 | Step 139080 | Train Loss: 0.0004803
Epoch: 761 | Step 139263 | Train Loss: 0.0003799
Epoch: 762 | Step 139446 | Train Loss: 0.0003941
Epoch: 763 | Step 139629 | Train Loss: 0.0003664
Epoch: 764 | Step 139812 | Train Loss: 0.0004304
Epoch: 765 | Step 139995 | Train Loss: 0.0003019
Epoch: 766 | Step 140000 | Valid Loss: 0.0002214
Epoch: 766 | Step 140000 | Mean PER: 0.07223070582034892 | Mean WER: 0.288
Epoch: 766 | Step 140178 | Train Loss: 0.0003226
Epoch: 767 | Step 140361 | Train Loss: 0.0003791
Epoch: 768 | Step 140544 | Train Loss: 0.0004298
Epoch: 769 | Step 140727 | Train Loss: 0.0004087
Epoch: 770 | Step 140910 | Train Loss: 0.0004104
Epoch: 771 | Step 141093 | Train Loss: 0.0004086
Epoch: 772 | Step 141276 | Train Loss: 0.0003292
Epoch: 773 | Step 141459 | Train Loss: 0.0003561
Epoch: 774 | Step 141642 | Train Loss: 0.0004034
Epoch: 775 | Step 141825 | Train Loss: 0.0003265
Epoch: 776 | Step 142000 | Valid Loss: 0.0003540
Epoch: 776 | Step 142000 | Mean PER: 0.07171718536736983 | Mean WER: 0.28595744680851065
Epoch: 776 | Step 142008 | Train Loss: 0.0003486
Epoch: 777 | Step 142191 | Train Loss: 0.0003331
Epoch: 778 | Step 142374 | Train Loss: 0.0003589
Epoch: 779 | Step 142557 | Train Loss: 0.0003038
Epoch: 780 | Step 142740 | Train Loss: 0.0003291
Epoch: 781 | Step 142923 | Train Loss: 0.0004040
Epoch: 782 | Step 143106 | Train Loss: 0.0003574
Epoch: 783 | Step 143289 | Train Loss: 0.0004152
Epoch: 784 | Step 143472 | Train Loss: 0.0003421
Epoch: 785 | Step 143655 | Train Loss: 0.0003116
Epoch: 786 | Step 143838 | Train Loss: 0.0003150
Epoch: 787 | Step 144000 | Valid Loss: 0.0003536
Epoch: 787 | Step 144000 | Mean PER: 0.07198745928999041 | Mean WER: 0.28706382978723405
Epoch: 787 | Step 144021 | Train Loss: 0.0003372
Epoch: 788 | Step 144204 | Train Loss: 0.0003882
Epoch: 789 | Step 144387 | Train Loss: 0.0003365
Epoch: 790 | Step 144570 | Train Loss: 0.0003400
Epoch: 791 | Step 144753 | Train Loss: 0.0003704
Epoch: 792 | Step 144936 | Train Loss: 0.0002853
Epoch: 793 | Step 145119 | Train Loss: 0.0003677
Epoch: 794 | Step 145302 | Train Loss: 0.0003323
Epoch: 795 | Step 145485 | Train Loss: 0.0003712
Epoch: 796 | Step 145668 | Train Loss: 0.0003447
Epoch: 797 | Step 145851 | Train Loss: 0.0003148
Epoch: 798 | Step 146000 | Valid Loss: 0.0003788
Epoch: 798 | Step 146000 | Mean PER: 0.07181178124028703 | Mean WER: 0.2857872340425532
Epoch: 798 | Step 146034 | Train Loss: 0.0003641
Epoch: 799 | Step 146217 | Train Loss: 0.0003936
Epoch: 800 | Step 146400 | Train Loss: 0.0003885
Epoch: 801 | Step 146583 | Train Loss: 0.0003496
Epoch: 802 | Step 146766 | Train Loss: 0.0003445
Epoch: 803 | Step 146949 | Train Loss: 0.0003801
Epoch: 804 | Step 147132 | Train Loss: 0.0002708
Epoch: 805 | Step 147315 | Train Loss: 0.0003152
Epoch: 806 | Step 147498 | Train Loss: 0.0003049
Epoch: 807 | Step 147681 | Train Loss: 0.0003308
Epoch: 808 | Step 147864 | Train Loss: 0.0003766
Epoch: 809 | Step 148000 | Valid Loss: 0.0002766
Epoch: 809 | Step 148000 | Mean PER: 0.07229827430100406 | Mean WER: 0.28638297872340424
Epoch: 809 | Step 148047 | Train Loss: 0.0002904
Epoch: 810 | Step 148230 | Train Loss: 0.0002988
Epoch: 811 | Step 148413 | Train Loss: 0.0003154
Epoch: 812 | Step 148596 | Train Loss: 0.0002805
Epoch: 813 | Step 148779 | Train Loss: 0.0003108
Epoch: 814 | Step 148962 | Train Loss: 0.0003299
Epoch: 815 | Step 149145 | Train Loss: 0.0003207
Epoch: 816 | Step 149328 | Train Loss: 0.0003516
Epoch: 817 | Step 149511 | Train Loss: 0.0002914
Epoch: 818 | Step 149694 | Train Loss: 0.0002555
Epoch: 819 | Step 149877 | Train Loss: 0.0003148
Epoch: 820 | Step 150000 | Valid Loss: 0.0003354
Epoch: 820 | Step 150000 | Mean PER: 0.07201448668225247 | Mean WER: 0.2862127659574468
Epoch: 820 | Step 150060 | Train Loss: 0.0003263
Epoch: 821 | Step 150243 | Train Loss: 0.0002540
Epoch: 822 | Step 150426 | Train Loss: 0.0003008
Epoch: 823 | Step 150609 | Train Loss: 0.0003347
Epoch: 824 | Step 150792 | Train Loss: 0.0004204
Epoch: 825 | Step 150975 | Train Loss: 0.0003406
Epoch: 826 | Step 151158 | Train Loss: 0.0003388
Epoch: 827 | Step 151341 | Train Loss: 0.0002860
Epoch: 828 | Step 151524 | Train Loss: 0.0003537
Epoch: 829 | Step 151707 | Train Loss: 0.0003173
Epoch: 830 | Step 151890 | Train Loss: 0.0002894
Epoch: 831 | Step 152000 | Valid Loss: 0.0002539
Epoch: 831 | Step 152000 | Mean PER: 0.07193340450546629 | Mean WER: 0.2858723404255319
Epoch: 831 | Step 152073 | Train Loss: 0.0002801
Epoch: 832 | Step 152256 | Train Loss: 0.0003194
Epoch: 833 | Step 152439 | Train Loss: 0.0002737
Epoch: 834 | Step 152622 | Train Loss: 0.0002992
Epoch: 835 | Step 152805 | Train Loss: 0.0003252
Epoch: 836 | Step 152988 | Train Loss: 0.0003524
Epoch: 837 | Step 153171 | Train Loss: 0.0003361
Epoch: 838 | Step 153354 | Train Loss: 0.0003430
Epoch: 839 | Step 153537 | Train Loss: 0.0003322
Epoch: 840 | Step 153720 | Train Loss: 0.0003470
Epoch: 841 | Step 153903 | Train Loss: 0.0004357
Epoch: 842 | Step 154000 | Valid Loss: 0.0003741
Epoch: 842 | Step 154000 | Mean PER: 0.07216313733969378 | Mean WER: 0.28672340425531917
Epoch: 842 | Step 154086 | Train Loss: 0.0003155
Epoch: 843 | Step 154269 | Train Loss: 0.0002914
Epoch: 844 | Step 154452 | Train Loss: 0.0003295
Epoch: 845 | Step 154635 | Train Loss: 0.0002697
Epoch: 846 | Step 154818 | Train Loss: 0.0002813
Epoch: 847 | Step 155001 | Train Loss: 0.0002522
Epoch: 848 | Step 155184 | Train Loss: 0.0002576
Epoch: 849 | Step 155367 | Train Loss: 0.0003592
Epoch: 850 | Step 155550 | Train Loss: 0.0003177
Epoch: 851 | Step 155733 | Train Loss: 0.0002707
Epoch: 852 | Step 155916 | Train Loss: 0.0002251
Epoch: 853 | Step 156000 | Valid Loss: 0.0002583
Epoch: 853 | Step 156000 | Mean PER: 0.07201448668225247 | Mean WER: 0.2856170212765957
Epoch: 853 | Step 156099 | Train Loss: 0.0002682
Epoch: 854 | Step 156282 | Train Loss: 0.0002176
Epoch: 855 | Step 156465 | Train Loss: 0.0003015
Epoch: 856 | Step 156648 | Train Loss: 0.0002109
Epoch: 857 | Step 156831 | Train Loss: 0.0002451
Epoch: 858 | Step 157014 | Train Loss: 0.0002895
Epoch: 859 | Step 157197 | Train Loss: 0.0002491
Epoch: 860 | Step 157380 | Train Loss: 0.0002542
Epoch: 861 | Step 157563 | Train Loss: 0.0002400
Epoch: 862 | Step 157746 | Train Loss: 0.0002598
Epoch: 863 | Step 157929 | Train Loss: 0.0002168
Epoch: 864 | Step 158000 | Valid Loss: 0.0002936
Epoch: 864 | Step 158000 | Mean PER: 0.07201448668225247 | Mean WER: 0.2857021276595745
Epoch: 864 | Step 158112 | Train Loss: 0.0002600
Epoch: 865 | Step 158295 | Train Loss: 0.0002338
Epoch: 866 | Step 158478 | Train Loss: 0.0002526
Epoch: 867 | Step 158661 | Train Loss: 0.0002421
Epoch: 868 | Step 158844 | Train Loss: 0.0002556
Epoch: 869 | Step 159027 | Train Loss: 0.0002019
Epoch: 870 | Step 159210 | Train Loss: 0.0002660
Epoch: 871 | Step 159393 | Train Loss: 0.0002196
Epoch: 872 | Step 159576 | Train Loss: 0.0002537
Epoch: 873 | Step 159759 | Train Loss: 0.0002251
Epoch: 874 | Step 159942 | Train Loss: 0.0002907
Epoch: 875 | Step 160000 | Valid Loss: 0.0002653
Epoch: 875 | Step 160000 | Mean PER: 0.07202800037838349 | Mean WER: 0.28604255319148936
Epoch: 875 | Step 160125 | Train Loss: 0.0002385
Epoch: 876 | Step 160308 | Train Loss: 0.0001988
Epoch: 877 | Step 160491 | Train Loss: 0.0002623
Epoch: 878 | Step 160674 | Train Loss: 0.0002395
Epoch: 879 | Step 160857 | Train Loss: 0.0002674
Epoch: 880 | Step 161040 | Train Loss: 0.0002163
Epoch: 881 | Step 161223 | Train Loss: 0.0002223
Epoch: 882 | Step 161406 | Train Loss: 0.0002070
Epoch: 883 | Step 161589 | Train Loss: 0.0002714
Epoch: 884 | Step 161772 | Train Loss: 0.0002085
Epoch: 885 | Step 161955 | Train Loss: 0.0002305
Epoch: 886 | Step 162000 | Valid Loss: 0.0001770
Epoch: 886 | Step 162000 | Mean PER: 0.07193340450546629 | Mean WER: 0.28595744680851065
Epoch: 886 | Step 162138 | Train Loss: 0.0002234
Epoch: 887 | Step 162321 | Train Loss: 0.0002343
Epoch: 888 | Step 162504 | Train Loss: 0.0002195
Epoch: 889 | Step 162687 | Train Loss: 0.0002789
Epoch: 890 | Step 162870 | Train Loss: 0.0002120
Epoch: 891 | Step 163053 | Train Loss: 0.0002617
Epoch: 892 | Step 163236 | Train Loss: 0.0002177
Epoch: 893 | Step 163419 | Train Loss: 0.0002562
Epoch: 894 | Step 163602 | Train Loss: 0.0001723
Epoch: 895 | Step 163785 | Train Loss: 0.0002891
Epoch: 896 | Step 163968 | Train Loss: 0.0001836
Epoch: 897 | Step 164000 | Valid Loss: 0.0002374
Epoch: 897 | Step 164000 | Mean PER: 0.07214962364356275 | Mean WER: 0.2868085106382979
Epoch: 897 | Step 164151 | Train Loss: 0.0002442
Epoch: 898 | Step 164334 | Train Loss: 0.0002102
Epoch: 899 | Step 164517 | Train Loss: 0.0002480
Epoch: 900 | Step 164700 | Train Loss: 0.0002393
Epoch: 901 | Step 164883 | Train Loss: 0.0002318
Epoch: 902 | Step 165066 | Train Loss: 0.0001649
Epoch: 903 | Step 165249 | Train Loss: 0.0002272
Epoch: 904 | Step 165432 | Train Loss: 0.0002076
Epoch: 905 | Step 165615 | Train Loss: 0.0002103
Epoch: 906 | Step 165798 | Train Loss: 0.0002260
Epoch: 907 | Step 165981 | Train Loss: 0.0002069
Epoch: 908 | Step 166000 | Valid Loss: 0.0002676
Epoch: 908 | Step 166000 | Mean PER: 0.07204151407451452 | Mean WER: 0.2868085106382979
Epoch: 908 | Step 166164 | Train Loss: 0.0002381
Epoch: 909 | Step 166347 | Train Loss: 0.0002243
Epoch: 910 | Step 166530 | Train Loss: 0.0002006
Epoch: 911 | Step 166713 | Train Loss: 0.0002090
Epoch: 912 | Step 166896 | Train Loss: 0.0002417
Epoch: 913 | Step 167079 | Train Loss: 0.0002200
Epoch: 914 | Step 167262 | Train Loss: 0.0002155
Epoch: 915 | Step 167445 | Train Loss: 0.0002202
Epoch: 916 | Step 167628 | Train Loss: 0.0002480
Epoch: 917 | Step 167811 | Train Loss: 0.0001835
Epoch: 918 | Step 167994 | Train Loss: 0.0002338
Epoch: 919 | Step 168000 | Valid Loss: 7.814e-05
Epoch: 919 | Step 168000 | Mean PER: 0.07219016473195583 | Mean WER: 0.286468085106383
Epoch: 919 | Step 168177 | Train Loss: 0.0001944
Epoch: 920 | Step 168360 | Train Loss: 0.0002737
Epoch: 921 | Step 168543 | Train Loss: 0.0002324
Epoch: 922 | Step 168726 | Train Loss: 0.0002150
Epoch: 923 | Step 168909 | Train Loss: 0.0002013
Epoch: 924 | Step 169092 | Train Loss: 0.0002119
Epoch: 925 | Step 169275 | Train Loss: 0.0002328
Epoch: 926 | Step 169458 | Train Loss: 0.0001896
Epoch: 927 | Step 169641 | Train Loss: 0.0001811
Epoch: 928 | Step 169824 | Train Loss: 0.0002313
Epoch: 929 | Step 170000 | Valid Loss: 0.0002359
Epoch: 929 | Step 170000 | Mean PER: 0.07209556885903863 | Mean WER: 0.2865531914893617
Epoch: 929 | Step 170007 | Train Loss: 0.0002321
Epoch: 930 | Step 170190 | Train Loss: 0.0001717
Epoch: 931 | Step 170373 | Train Loss: 0.0002133
Epoch: 932 | Step 170556 | Train Loss: 0.0001812
Epoch: 933 | Step 170739 | Train Loss: 0.0001909
Epoch: 934 | Step 170922 | Train Loss: 0.0001419
Epoch: 935 | Step 171105 | Train Loss: 0.0002142
Epoch: 936 | Step 171288 | Train Loss: 0.0001962
Epoch: 937 | Step 171471 | Train Loss: 0.0002001
Epoch: 938 | Step 171654 | Train Loss: 0.0001978
Epoch: 939 | Step 171837 | Train Loss: 0.0002301
Epoch: 940 | Step 172000 | Valid Loss: 0.0001618
Epoch: 940 | Step 172000 | Mean PER: 0.07174421275963189 | Mean WER: 0.2857021276595745
Epoch: 940 | Step 172020 | Train Loss: 0.0001766
Epoch: 941 | Step 172203 | Train Loss: 0.0001822
Epoch: 942 | Step 172386 | Train Loss: 0.0001649
Epoch: 943 | Step 172569 | Train Loss: 0.0002106
Epoch: 944 | Step 172752 | Train Loss: 0.0002113
Epoch: 945 | Step 172935 | Train Loss: 0.0002198
Epoch: 946 | Step 173118 | Train Loss: 0.0001916
Epoch: 947 | Step 173301 | Train Loss: 0.0001945
Epoch: 948 | Step 173484 | Train Loss: 0.0001383
Epoch: 949 | Step 173667 | Train Loss: 0.0001893
Epoch: 950 | Step 173850 | Train Loss: 0.0001677
Epoch: 951 | Step 174000 | Valid Loss: 0.0001603
Epoch: 951 | Step 174000 | Mean PER: 0.07189286341707321 | Mean WER: 0.2857021276595745
Epoch: 951 | Step 174033 | Train Loss: 0.0001537
Epoch: 952 | Step 174216 | Train Loss: 0.0002045
Epoch: 953 | Step 174399 | Train Loss: 0.0001612
Epoch: 954 | Step 174582 | Train Loss: 0.0002020
Epoch: 955 | Step 174765 | Train Loss: 0.0002146
Epoch: 956 | Step 174948 | Train Loss: 0.0001804
Epoch: 957 | Step 175131 | Train Loss: 0.0001699
Epoch: 958 | Step 175314 | Train Loss: 0.0001343
Epoch: 959 | Step 175497 | Train Loss: 0.0001975
Epoch: 960 | Step 175680 | Train Loss: 0.0002380
Epoch: 961 | Step 175863 | Train Loss: 0.0002021
Epoch: 962 | Step 176000 | Valid Loss: 0.0001314
Epoch: 962 | Step 176000 | Mean PER: 0.07193340450546629 | Mean WER: 0.28485106382978725
Epoch: 962 | Step 176046 | Train Loss: 0.0001541
Epoch: 963 | Step 176229 | Train Loss: 0.0001530
Epoch: 964 | Step 176412 | Train Loss: 0.0001739
Epoch: 965 | Step 176595 | Train Loss: 0.0001902
Epoch: 966 | Step 176778 | Train Loss: 0.0001735
Epoch: 967 | Step 176961 | Train Loss: 0.0001907
Epoch: 968 | Step 177144 | Train Loss: 0.0002111
Epoch: 969 | Step 177327 | Train Loss: 0.0001623
Epoch: 970 | Step 177510 | Train Loss: 0.0001700
Epoch: 971 | Step 177693 | Train Loss: 0.0001764
Epoch: 972 | Step 177876 | Train Loss: 0.0002105
Epoch: 973 | Step 178000 | Valid Loss: 0.0002107
Epoch: 973 | Step 178000 | Mean PER: 0.07191989080933527 | Mean WER: 0.28519148936170213
Epoch: 973 | Step 178059 | Train Loss: 0.0002046
Epoch: 974 | Step 178242 | Train Loss: 0.0002024
Epoch: 975 | Step 178425 | Train Loss: 0.0001855
Epoch: 976 | Step 178608 | Train Loss: 0.0002056
Epoch: 977 | Step 178791 | Train Loss: 0.0001737
Epoch: 978 | Step 178974 | Train Loss: 0.0001697
Epoch: 979 | Step 179157 | Train Loss: 0.0001577
Epoch: 980 | Step 179340 | Train Loss: 0.0001561
Epoch: 981 | Step 179523 | Train Loss: 0.0002331
Epoch: 982 | Step 179706 | Train Loss: 0.0001759
Epoch: 983 | Step 179889 | Train Loss: 0.0001728
Epoch: 984 | Step 180000 | Valid Loss: 0.0001318
Epoch: 984 | Step 180000 | Mean PER: 0.07185232232868012 | Mean WER: 0.2846808510638298
Epoch: 984 | Step 180072 | Train Loss: 0.0001428
Epoch: 985 | Step 180255 | Train Loss: 0.0001793
Epoch: 986 | Step 180438 | Train Loss: 0.0001496
Epoch: 987 | Step 180621 | Train Loss: 0.0001666
Epoch: 988 | Step 180804 | Train Loss: 0.0001659
Epoch: 989 | Step 180987 | Train Loss: 0.0001978
Epoch: 990 | Step 181170 | Train Loss: 0.0001935
Epoch: 991 | Step 181353 | Train Loss: 0.0001730
Epoch: 992 | Step 181536 | Train Loss: 0.0001788
Epoch: 993 | Step 181719 | Train Loss: 0.0001898
Epoch: 994 | Step 181902 | Train Loss: 0.0001732
Epoch: 995 | Step 182000 | Valid Loss: 0.0002233
Epoch: 995 | Step 182000 | Mean PER: 0.07202800037838349 | Mean WER: 0.28595744680851065
Epoch: 995 | Step 182085 | Train Loss: 0.0002255
Epoch: 996 | Step 182268 | Train Loss: 0.0001754
Epoch: 997 | Step 182451 | Train Loss: 0.0001970
Epoch: 998 | Step 182634 | Train Loss: 0.0001431
Epoch: 999 | Step 182817 | Train Loss: 0.0001698
Epoch: 1000 | Step 183000 | Train Loss: 0.0001776
Epoch: 1001 | Step 183183 | Train Loss: 0.0001462
Epoch: 1002 | Step 183366 | Train Loss: 0.0001509
Epoch: 1003 | Step 183549 | Train Loss: 0.0002488
Epoch: 1004 | Step 183732 | Train Loss: 0.0001863
Epoch: 1005 | Step 183915 | Train Loss: 0.0001581
Epoch: 1006 | Step 184000 | Valid Loss: 0.0002139
Epoch: 1006 | Step 184000 | Mean PER: 0.07197394559385938 | Mean WER: 0.2856170212765957
Epoch: 1006 | Step 184098 | Train Loss: 0.0001948
Epoch: 1007 | Step 184281 | Train Loss: 0.0001617
Epoch: 1008 | Step 184464 | Train Loss: 0.0001446
Epoch: 1009 | Step 184647 | Train Loss: 0.0001676
Epoch: 1010 | Step 184830 | Train Loss: 0.0001957
Epoch: 1011 | Step 185013 | Train Loss: 0.0002088
Epoch: 1012 | Step 185196 | Train Loss: 0.0001922
Epoch: 1013 | Step 185379 | Train Loss: 0.0001656
Epoch: 1014 | Step 185562 | Train Loss: 0.0001493
Epoch: 1015 | Step 185745 | Train Loss: 0.0001804
Epoch: 1016 | Step 185928 | Train Loss: 0.0001561
Epoch: 1017 | Step 186000 | Valid Loss: 0.0001704
Epoch: 1017 | Step 186000 | Mean PER: 0.0721225962513007 | Mean WER: 0.28612765957446806
Epoch: 1017 | Step 186111 | Train Loss: 0.0001618
Epoch: 1018 | Step 186294 | Train Loss: 0.0001742
Epoch: 1019 | Step 186477 | Train Loss: 0.0002469
Epoch: 1020 | Step 186660 | Train Loss: 0.0001572
Epoch: 1021 | Step 186843 | Train Loss: 0.0001663
Epoch: 1022 | Step 187026 | Train Loss: 0.0001364
Epoch: 1023 | Step 187209 | Train Loss: 0.0001792
Epoch: 1024 | Step 187392 | Train Loss: 0.0001943
Epoch: 1025 | Step 187575 | Train Loss: 0.0001905
Epoch: 1026 | Step 187758 | Train Loss: 0.0001851
Epoch: 1027 | Step 187941 | Train Loss: 0.0001744
Epoch: 1028 | Step 188000 | Valid Loss: 0.0001461
Epoch: 1028 | Step 188000 | Mean PER: 0.07208205516290761 | Mean WER: 0.28629787234042553
Epoch: 1028 | Step 188124 | Train Loss: 0.0001572
Epoch: 1029 | Step 188307 | Train Loss: 0.0001889
Epoch: 1030 | Step 188490 | Train Loss: 0.0001588
Epoch: 1031 | Step 188673 | Train Loss: 0.0002068
Epoch: 1032 | Step 188856 | Train Loss: 0.0001748
Epoch: 1033 | Step 189039 | Train Loss: 0.0002186
Epoch: 1034 | Step 189222 | Train Loss: 0.0001665
Epoch: 1035 | Step 189405 | Train Loss: 0.0001643
Epoch: 1036 | Step 189588 | Train Loss: 0.0001457
Epoch: 1037 | Step 189771 | Train Loss: 0.0001645
Epoch: 1038 | Step 189954 | Train Loss: 0.0001579
Epoch: 1039 | Step 190000 | Valid Loss: 0.0001115
Epoch: 1039 | Step 190000 | Mean PER: 0.07182529493641807 | Mean WER: 0.28527659574468084
Epoch: 1039 | Step 190137 | Train Loss: 0.0001388
Epoch: 1040 | Step 190320 | Train Loss: 0.0001850
Epoch: 1041 | Step 190503 | Train Loss: 0.0001479
Epoch: 1042 | Step 190686 | Train Loss: 0.0002231
Epoch: 1043 | Step 190869 | Train Loss: 0.0001968
Epoch: 1044 | Step 191052 | Train Loss: 0.0001338
Epoch: 1045 | Step 191235 | Train Loss: 0.0001510
Epoch: 1046 | Step 191418 | Train Loss: 0.0001627
Epoch: 1047 | Step 191601 | Train Loss: 0.0001335
Epoch: 1048 | Step 191784 | Train Loss: 0.0002342
Epoch: 1049 | Step 191967 | Train Loss: 0.0002006
Epoch: 1050 | Step 192000 | Valid Loss: 0.0001064
Epoch: 1050 | Step 192000 | Mean PER: 0.07178475384802498 | Mean WER: 0.2851063829787234
Epoch: 1050 | Step 192150 | Train Loss: 0.0001571
Epoch: 1051 | Step 192333 | Train Loss: 0.0001702
Epoch: 1052 | Step 192516 | Train Loss: 0.0001611
Epoch: 1053 | Step 192699 | Train Loss: 0.0001838
Epoch: 1054 | Step 192882 | Train Loss: 0.0001244
Epoch: 1055 | Step 193065 | Train Loss: 0.0001609
Epoch: 1056 | Step 193248 | Train Loss: 0.0002014
Epoch: 1057 | Step 193431 | Train Loss: 0.0001609
Epoch: 1058 | Step 193614 | Train Loss: 0.0001507
Epoch: 1059 | Step 193797 | Train Loss: 0.0001450
Epoch: 1060 | Step 193980 | Train Loss: 0.0001411
Epoch: 1061 | Step 194000 | Valid Loss: 0.0001726
Epoch: 1061 | Step 194000 | Mean PER: 0.07197394559385938 | Mean WER: 0.2857021276595745
Epoch: 1061 | Step 194163 | Train Loss: 0.0001882
Epoch: 1062 | Step 194346 | Train Loss: 0.0001355
Epoch: 1063 | Step 194529 | Train Loss: 0.0001223
Epoch: 1064 | Step 194712 | Train Loss: 0.0001913
Epoch: 1065 | Step 194895 | Train Loss: 0.0001692
Epoch: 1066 | Step 195078 | Train Loss: 0.0001380
Epoch: 1067 | Step 195261 | Train Loss: 0.0001465
Epoch: 1068 | Step 195444 | Train Loss: 0.0001639
Epoch: 1069 | Step 195627 | Train Loss: 0.0002269
Epoch: 1070 | Step 195810 | Train Loss: 0.0001890
Epoch: 1071 | Step 195993 | Train Loss: 0.0001820
Epoch: 1072 | Step 196000 | Valid Loss: 0.0001544
Epoch: 1072 | Step 196000 | Mean PER: 0.07191989080933527 | Mean WER: 0.285531914893617
Epoch: 1072 | Step 196176 | Train Loss: 0.0001208
Epoch: 1073 | Step 196359 | Train Loss: 0.0001868
Epoch: 1074 | Step 196542 | Train Loss: 0.0001973
Epoch: 1075 | Step 196725 | Train Loss: 0.0001553
Epoch: 1076 | Step 196908 | Train Loss: 0.0001679
Epoch: 1077 | Step 197091 | Train Loss: 0.0001711
Epoch: 1078 | Step 197274 | Train Loss: 0.0001529
Epoch: 1079 | Step 197457 | Train Loss: 0.0001546
Epoch: 1080 | Step 197640 | Train Loss: 0.0001710
Epoch: 1081 | Step 197823 | Train Loss: 0.0001932
Epoch: 1082 | Step 198000 | Valid Loss: 0.0001546
Epoch: 1082 | Step 198000 | Mean PER: 0.07186583602481114 | Mean WER: 0.28527659574468084
Epoch: 1082 | Step 198006 | Train Loss: 0.0001542
Epoch: 1083 | Step 198189 | Train Loss: 0.0001603
Epoch: 1084 | Step 198372 | Train Loss: 0.0001531
Epoch: 1085 | Step 198555 | Train Loss: 0.0001813
Epoch: 1086 | Step 198738 | Train Loss: 0.0001144
Epoch: 1087 | Step 198921 | Train Loss: 0.0001706
Epoch: 1088 | Step 199104 | Train Loss: 0.0001341
Epoch: 1089 | Step 199287 | Train Loss: 0.0001628
Epoch: 1090 | Step 199470 | Train Loss: 0.0001763
Epoch: 1091 | Step 199653 | Train Loss: 0.0001148
Epoch: 1092 | Step 199836 | Train Loss: 0.0001577
Epoch: 1093 | Step 200000 | Valid Loss: 0.0001260
Epoch: 1093 | Step 200000 | Mean PER: 0.07193340450546629 | Mean WER: 0.2857021276595745
Epoch: 1093 | Step 200019 | Train Loss: 0.0001331
Epoch: 1094 | Step 200202 | Train Loss: 0.0001484
Epoch: 1095 | Step 200385 | Train Loss: 0.0001547
Epoch: 1096 | Step 200568 | Train Loss: 0.0001662
Epoch: 1097 | Step 200751 | Train Loss: 0.0001816
Epoch: 1098 | Step 200934 | Train Loss: 0.0002256
Epoch: 1099 | Step 201117 | Train Loss: 0.0001529
Epoch: 1100 | Step 201300 | Train Loss: 0.0001519
Epoch: 1101 | Step 201483 | Train Loss: 0.0001541
Epoch: 1102 | Step 201666 | Train Loss: 0.0001753
Epoch: 1103 | Step 201849 | Train Loss: 0.0001735
Epoch: 1104 | Step 202000 | Valid Loss: 0.0001869
Epoch: 1104 | Step 202000 | Mean PER: 0.07214962364356275 | Mean WER: 0.2868085106382979
Epoch: 1104 | Step 202032 | Train Loss: 0.0001774
Epoch: 1105 | Step 202215 | Train Loss: 0.0001479
Epoch: 1106 | Step 202398 | Train Loss: 0.0001687
Epoch: 1107 | Step 202581 | Train Loss: 0.0001205
Epoch: 1108 | Step 202764 | Train Loss: 0.0001331
Epoch: 1109 | Step 202947 | Train Loss: 0.0001688
Epoch: 1110 | Step 203130 | Train Loss: 0.0001314
Epoch: 1111 | Step 203313 | Train Loss: 0.0001195
Epoch: 1112 | Step 203496 | Train Loss: 0.0001823
Epoch: 1113 | Step 203679 | Train Loss: 0.0001340
Epoch: 1114 | Step 203862 | Train Loss: 0.0001525
Epoch: 1115 | Step 204000 | Valid Loss: 0.0001318
Epoch: 1115 | Step 204000 | Mean PER: 0.07213610994743172 | Mean WER: 0.28672340425531917
Epoch: 1115 | Step 204045 | Train Loss: 0.0001541
Epoch: 1116 | Step 204228 | Train Loss: 0.0001551
Epoch: 1117 | Step 204411 | Train Loss: 0.0001532
Epoch: 1118 | Step 204594 | Train Loss: 0.0001260
Epoch: 1119 | Step 204777 | Train Loss: 0.0001407
Epoch: 1120 | Step 204960 | Train Loss: 0.0001410
Epoch: 1121 | Step 205143 | Train Loss: 0.0001716
Epoch: 1122 | Step 205326 | Train Loss: 0.0001368
Epoch: 1123 | Step 205509 | Train Loss: 0.0001519
Epoch: 1124 | Step 205692 | Train Loss: 0.0001605
Epoch: 1125 | Step 205875 | Train Loss: 0.0001492
Epoch: 1126 | Step 206000 | Valid Loss: 0.0001008
Epoch: 1126 | Step 206000 | Mean PER: 0.07217665103582481 | Mean WER: 0.2868936170212766
Epoch: 1126 | Step 206058 | Train Loss: 0.0001155
Epoch: 1127 | Step 206241 | Train Loss: 0.0001557
Epoch: 1128 | Step 206424 | Train Loss: 0.0001547
Epoch: 1129 | Step 206607 | Train Loss: 0.0001614
Epoch: 1130 | Step 206790 | Train Loss: 0.0001365
Epoch: 1131 | Step 206973 | Train Loss: 0.0002106
Epoch: 1132 | Step 207156 | Train Loss: 0.0001596
Epoch: 1133 | Step 207339 | Train Loss: 0.0001612
Epoch: 1134 | Step 207522 | Train Loss: 0.0001484
Epoch: 1135 | Step 207705 | Train Loss: 0.0001627
Epoch: 1136 | Step 207888 | Train Loss: 0.0001991
Epoch: 1137 | Step 208000 | Valid Loss: 0.0001166
Epoch: 1137 | Step 208000 | Mean PER: 0.07213610994743172 | Mean WER: 0.28672340425531917
Epoch: 1137 | Step 208071 | Train Loss: 0.0001319
Epoch: 1138 | Step 208254 | Train Loss: 0.0001531
Epoch: 1139 | Step 208437 | Train Loss: 0.0001295
Epoch: 1140 | Step 208620 | Train Loss: 0.0001591
Epoch: 1141 | Step 208803 | Train Loss: 0.0001666
Epoch: 1142 | Step 208986 | Train Loss: 0.0001767
Epoch: 1143 | Step 209169 | Train Loss: 0.0001685
Epoch: 1144 | Step 209352 | Train Loss: 0.0001245
Epoch: 1145 | Step 209535 | Train Loss: 0.0001894
Epoch: 1146 | Step 209718 | Train Loss: 0.0001807
Epoch: 1147 | Step 209901 | Train Loss: 0.0001427
Epoch: 1148 | Step 210000 | Valid Loss: 0.0001472
Epoch: 1148 | Step 210000 | Mean PER: 0.07210908255516967 | Mean WER: 0.2866382978723404
Epoch: 1148 | Step 210084 | Train Loss: 0.0001584
Epoch: 1149 | Step 210267 | Train Loss: 0.0002112
Epoch: 1150 | Step 210450 | Train Loss: 0.0001470
Epoch: 1151 | Step 210633 | Train Loss: 0.0001667
Epoch: 1152 | Step 210816 | Train Loss: 0.0001968
Epoch: 1153 | Step 210999 | Train Loss: 0.0001492
Epoch: 1154 | Step 211182 | Train Loss: 0.0001576
Epoch: 1155 | Step 211365 | Train Loss: 0.0001733
Epoch: 1156 | Step 211548 | Train Loss: 0.0001625
Epoch: 1157 | Step 211731 | Train Loss: 0.0001387
Epoch: 1158 | Step 211914 | Train Loss: 0.0001609
Epoch: 1159 | Step 212000 | Valid Loss: 0.0001650
Epoch: 1159 | Step 212000 | Mean PER: 0.07204151407451452 | Mean WER: 0.28604255319148936
Epoch: 1159 | Step 212097 | Train Loss: 0.0001459
Epoch: 1160 | Step 212280 | Train Loss: 0.0001620
Epoch: 1161 | Step 212463 | Train Loss: 0.0001500
Epoch: 1162 | Step 212646 | Train Loss: 0.0001568
Epoch: 1163 | Step 212829 | Train Loss: 0.0001706
Epoch: 1164 | Step 213012 | Train Loss: 0.0001423
Epoch: 1165 | Step 213195 | Train Loss: 0.0001634
Epoch: 1166 | Step 213378 | Train Loss: 0.0001716
Epoch: 1167 | Step 213561 | Train Loss: 0.0001502
Epoch: 1168 | Step 213744 | Train Loss: 0.0001328
Epoch: 1169 | Step 213927 | Train Loss: 0.0001142
Epoch: 1170 | Step 214000 | Valid Loss: 9.799e-05
Epoch: 1170 | Step 214000 | Mean PER: 0.07205502777064555 | Mean WER: 0.28638297872340424
Epoch: 1170 | Step 214110 | Train Loss: 0.0001199
Epoch: 1171 | Step 214293 | Train Loss: 0.0001742
Epoch: 1172 | Step 214476 | Train Loss: 0.0001506
Epoch: 1173 | Step 214659 | Train Loss: 0.0001534
Epoch: 1174 | Step 214842 | Train Loss: 0.0002116
Epoch: 1175 | Step 215025 | Train Loss: 0.0001470
Epoch: 1176 | Step 215208 | Train Loss: 0.0001168
Epoch: 1177 | Step 215391 | Train Loss: 0.0001472
Epoch: 1178 | Step 215574 | Train Loss: 0.0002036
Epoch: 1179 | Step 215757 | Train Loss: 0.0001989
Epoch: 1180 | Step 215940 | Train Loss: 0.0002126
Epoch: 1181 | Step 216000 | Valid Loss: 0.0001239
Epoch: 1181 | Step 216000 | Mean PER: 0.07200097298612143 | Mean WER: 0.2862127659574468
Epoch: 1181 | Step 216123 | Train Loss: 0.0001578
Epoch: 1182 | Step 216306 | Train Loss: 0.0001783
Epoch: 1183 | Step 216489 | Train Loss: 0.0001983
Epoch: 1184 | Step 216672 | Train Loss: 0.0001552
Epoch: 1185 | Step 216855 | Train Loss: 0.0001690
Epoch: 1186 | Step 217038 | Train Loss: 0.0001320
Epoch: 1187 | Step 217221 | Train Loss: 0.0001739
Epoch: 1188 | Step 217404 | Train Loss: 0.0001451
Epoch: 1189 | Step 217587 | Train Loss: 0.0001934
Epoch: 1190 | Step 217770 | Train Loss: 0.0001152
Epoch: 1191 | Step 217953 | Train Loss: 0.0001631
Epoch: 1192 | Step 218000 | Valid Loss: 0.0001425
Epoch: 1192 | Step 218000 | Mean PER: 0.07206854146677658 | Mean WER: 0.286468085106383
Epoch: 1192 | Step 218136 | Train Loss: 0.0001396
Epoch: 1193 | Step 218319 | Train Loss: 0.0001864
Epoch: 1194 | Step 218502 | Train Loss: 0.0001759
Epoch: 1195 | Step 218685 | Train Loss: 0.0001536
Epoch: 1196 | Step 218868 | Train Loss: 0.0001673
Epoch: 1197 | Step 219051 | Train Loss: 0.0001455
Epoch: 1198 | Step 219234 | Train Loss: 0.0001645
Epoch: 1199 | Step 219417 | Train Loss: 0.0001742
Epoch: 1200 | Step 219600 | Train Loss: 0.0001718
Epoch: 1201 | Step 219783 | Train Loss: 0.0001586
Epoch: 1202 | Step 219966 | Train Loss: 0.0001620
Epoch: 1203 | Step 220000 | Valid Loss: 0.0001107
Epoch: 1203 | Step 220000 | Mean PER: 0.07216313733969378 | Mean WER: 0.28672340425531917
Epoch: 1203 | Step 220149 | Train Loss: 0.0001651
Epoch: 1204 | Step 220332 | Train Loss: 0.0002248
Epoch: 1205 | Step 220515 | Train Loss: 0.0001363
Epoch: 1206 | Step 220698 | Train Loss: 0.0001802
Epoch: 1207 | Step 220881 | Train Loss: 0.0001539
Epoch: 1208 | Step 221064 | Train Loss: 0.0001611
Epoch: 1209 | Step 221247 | Train Loss: 0.0001675
Epoch: 1210 | Step 221430 | Train Loss: 0.0001560
Epoch: 1211 | Step 221613 | Train Loss: 0.0001874
Epoch: 1212 | Step 221796 | Train Loss: 0.0001220
Epoch: 1213 | Step 221979 | Train Loss: 0.0001429
Epoch: 1214 | Step 222000 | Valid Loss: 0.0001360
Epoch: 1214 | Step 222000 | Mean PER: 0.07219016473195583 | Mean WER: 0.2868085106382979
Epoch: 1214 | Step 222162 | Train Loss: 0.0001420
Epoch: 1215 | Step 222345 | Train Loss: 0.0001371
Epoch: 1216 | Step 222528 | Train Loss: 0.0002071
Epoch: 1217 | Step 222711 | Train Loss: 0.0001744
Epoch: 1218 | Step 222894 | Train Loss: 0.0001653
Epoch: 1219 | Step 223077 | Train Loss: 0.0001542
Epoch: 1220 | Step 223260 | Train Loss: 0.0001579
Epoch: 1221 | Step 223443 | Train Loss: 0.0001347
Epoch: 1222 | Step 223626 | Train Loss: 0.0001724
Epoch: 1223 | Step 223809 | Train Loss: 0.0001961
Epoch: 1224 | Step 223992 | Train Loss: 0.0001597
Epoch: 1225 | Step 224000 | Valid Loss: 0.0001205
Epoch: 1225 | Step 224000 | Mean PER: 0.07216313733969378 | Mean WER: 0.28672340425531917
Epoch: 1225 | Step 224175 | Train Loss: 0.0001393
Epoch: 1226 | Step 224358 | Train Loss: 0.0001518
Epoch: 1227 | Step 224541 | Train Loss: 0.0001566
Epoch: 1228 | Step 224724 | Train Loss: 0.0001485
Epoch: 1229 | Step 224907 | Train Loss: 0.0001534
Epoch: 1230 | Step 225090 | Train Loss: 0.0001072
Epoch: 1231 | Step 225273 | Train Loss: 0.0001283
Epoch: 1232 | Step 225456 | Train Loss: 0.0001710
Epoch: 1233 | Step 225639 | Train Loss: 0.0001472
Epoch: 1234 | Step 225822 | Train Loss: 0.0001765
Epoch: 1235 | Step 226000 | Valid Loss: 0.0001779
Epoch: 1235 | Step 226000 | Mean PER: 0.07216313733969378 | Mean WER: 0.28672340425531917
Epoch: 1235 | Step 226005 | Train Loss: 0.0001747
Epoch: 1236 | Step 226188 | Train Loss: 0.0001593
Epoch: 1237 | Step 226371 | Train Loss: 0.0001262
Epoch: 1238 | Step 226554 | Train Loss: 0.0001422
Epoch: 1239 | Step 226737 | Train Loss: 0.0001916
Epoch: 1240 | Step 226920 | Train Loss: 0.0001440
Epoch: 1241 | Step 227103 | Train Loss: 0.0001743
Epoch: 1242 | Step 227286 | Train Loss: 0.0001464
Epoch: 1243 | Step 227469 | Train Loss: 0.0001406
Epoch: 1244 | Step 227652 | Train Loss: 0.0001324
Epoch: 1245 | Step 227835 | Train Loss: 0.0002019
Epoch: 1246 | Step 228000 | Valid Loss: 0.0001692
Epoch: 1246 | Step 228000 | Mean PER: 0.07214962364356275 | Mean WER: 0.28697872340425534
Epoch: 1246 | Step 228018 | Train Loss: 0.0001600
Epoch: 1247 | Step 228201 | Train Loss: 0.0001849
Epoch: 1248 | Step 228384 | Train Loss: 0.0001509
Epoch: 1249 | Step 228567 | Train Loss: 0.0001465
Epoch: 1250 | Step 228750 | Train Loss: 0.0001271
Epoch: 1251 | Step 228933 | Train Loss: 0.0001705
Epoch: 1252 | Step 229116 | Train Loss: 0.0001418
Epoch: 1253 | Step 229299 | Train Loss: 0.0002189
Epoch: 1254 | Step 229482 | Train Loss: 0.0001520
Epoch: 1255 | Step 229665 | Train Loss: 0.0001599
Epoch: 1256 | Step 229848 | Train Loss: 0.0001724
Epoch: 1257 | Step 230000 | Valid Loss: 0.0002060
Epoch: 1257 | Step 230000 | Mean PER: 0.07213610994743172 | Mean WER: 0.2868085106382979
Epoch: 1257 | Step 230031 | Train Loss: 0.0002017
Epoch: 1258 | Step 230214 | Train Loss: 0.0001443
Epoch: 1259 | Step 230397 | Train Loss: 0.0001139
Epoch: 1260 | Step 230580 | Train Loss: 0.0001107
Epoch: 1261 | Step 230763 | Train Loss: 0.0001320
Epoch: 1262 | Step 230946 | Train Loss: 0.0001062
Epoch: 1263 | Step 231129 | Train Loss: 0.0001582
Epoch: 1264 | Step 231312 | Train Loss: 0.0001472
Epoch: 1265 | Step 231495 | Train Loss: 0.0001682
Epoch: 1266 | Step 231678 | Train Loss: 0.0001451
Epoch: 1267 | Step 231861 | Train Loss: 0.0001489
Epoch: 1268 | Step 232000 | Valid Loss: 0.0001665
Epoch: 1268 | Step 232000 | Mean PER: 0.07217665103582481 | Mean WER: 0.2868085106382979
Epoch: 1268 | Step 232044 | Train Loss: 0.0001554
Epoch: 1269 | Step 232227 | Train Loss: 0.0001549
Epoch: 1270 | Step 232410 | Train Loss: 0.0001776
Epoch: 1271 | Step 232593 | Train Loss: 0.0002121
Epoch: 1272 | Step 232776 | Train Loss: 0.0002050
Epoch: 1273 | Step 232959 | Train Loss: 0.0001606
Epoch: 1274 | Step 233142 | Train Loss: 0.0001343
Epoch: 1275 | Step 233325 | Train Loss: 0.0001845
Epoch: 1276 | Step 233508 | Train Loss: 0.0001291
Epoch: 1277 | Step 233691 | Train Loss: 0.0001772
Epoch: 1278 | Step 233874 | Train Loss: 9.232e-05
Epoch: 1279 | Step 234000 | Valid Loss: 0.0001723
Epoch: 1279 | Step 234000 | Mean PER: 0.07214962364356275 | Mean WER: 0.2868936170212766
Epoch: 1279 | Step 234057 | Train Loss: 0.0001682
Epoch: 1280 | Step 234240 | Train Loss: 0.0001329
Epoch: 1281 | Step 234423 | Train Loss: 0.0001764
Epoch: 1282 | Step 234606 | Train Loss: 0.0002268
Epoch: 1283 | Step 234789 | Train Loss: 0.0001438
Epoch: 1284 | Step 234972 | Train Loss: 0.0001384
Epoch: 1285 | Step 235155 | Train Loss: 0.0001465
Epoch: 1286 | Step 235338 | Train Loss: 0.0001172
Epoch: 1287 | Step 235521 | Train Loss: 0.0001630
Epoch: 1288 | Step 235704 | Train Loss: 0.0001799
Epoch: 1289 | Step 235887 | Train Loss: 0.0001746
Epoch: 1290 | Step 236000 | Valid Loss: 0.0001665
Epoch: 1290 | Step 236000 | Mean PER: 0.07214962364356275 | Mean WER: 0.2868936170212766
Epoch: 1290 | Step 236070 | Train Loss: 0.0001479
Epoch: 1291 | Step 236253 | Train Loss: 0.0001491
Epoch: 1292 | Step 236436 | Train Loss: 0.0001238
Epoch: 1293 | Step 236619 | Train Loss: 0.0001487
Epoch: 1294 | Step 236802 | Train Loss: 0.0001661
Epoch: 1295 | Step 236985 | Train Loss: 0.0001218
Epoch: 1296 | Step 237168 | Train Loss: 0.0001409
Epoch: 1297 | Step 237351 | Train Loss: 0.0001515
Epoch: 1298 | Step 237534 | Train Loss: 0.0001683
Epoch: 1299 | Step 237717 | Train Loss: 0.0001660
Epoch: 1300 | Step 237900 | Train Loss: 0.0001262
Epoch: 1301 | Step 238000 | Valid Loss: 0.0001663
Epoch: 1301 | Step 238000 | Mean PER: 0.07219016473195583 | Mean WER: 0.2868936170212766
Epoch: 1301 | Step 238083 | Train Loss: 0.0001678
Epoch: 1302 | Step 238266 | Train Loss: 0.0001756
Epoch: 1303 | Step 238449 | Train Loss: 0.0001661
Epoch: 1304 | Step 238632 | Train Loss: 0.0001304
Epoch: 1305 | Step 238815 | Train Loss: 0.0001449
Epoch: 1306 | Step 238998 | Train Loss: 0.0001799
Epoch: 1307 | Step 239181 | Train Loss: 0.0001513
Epoch: 1308 | Step 239364 | Train Loss: 0.0001697
Epoch: 1309 | Step 239547 | Train Loss: 0.0001509
Epoch: 1310 | Step 239730 | Train Loss: 0.0001262
Epoch: 1311 | Step 239913 | Train Loss: 0.0001488
Epoch: 1312 | Step 240000 | Valid Loss: 0.0001233
Epoch: 1312 | Step 240000 | Mean PER: 0.07214962364356275 | Mean WER: 0.2868085106382979
Epoch: 1312 | Step 240096 | Train Loss: 0.0001356
Epoch: 1313 | Step 240279 | Train Loss: 0.0001711
Epoch: 1314 | Step 240462 | Train Loss: 0.0001496
Epoch: 1315 | Step 240645 | Train Loss: 0.0001466
Epoch: 1316 | Step 240828 | Train Loss: 0.0001819
Epoch: 1317 | Step 241011 | Train Loss: 0.0001373
Epoch: 1318 | Step 241194 | Train Loss: 0.0001657